

================================================================
== Vivado HLS Report for 'incrust_score'
================================================================
* Date:           Thu Dec 21 16:19:48 2023

* Version:        2019.2 (Build 2704478 on Wed Nov 06 22:10:23 MST 2019)
* Project:        incrust_score
* Solution:       solution1
* Product family: zynq
* Target device:  xc7z020-clg484-1


================================================================
== Performance Estimates
================================================================
+ Timing: 
    * Summary: 
    +--------+----------+----------+------------+
    |  Clock |  Target  | Estimated| Uncertainty|
    +--------+----------+----------+------------+
    |ap_clk  | 10.00 ns | 8.510 ns |   1.25 ns  |
    +--------+----------+----------+------------+

+ Latency: 
    * Summary: 
    +---------+---------+----------+----------+-----+-----+---------+
    |  Latency (cycles) |  Latency (absolute) |  Interval | Pipeline|
    |   min   |   max   |    min   |    max   | min | max |   Type  |
    +---------+---------+----------+----------+-----+-----+---------+
    |        ?|        ?|         ?|         ?|    ?|    ?|   none  |
    +---------+---------+----------+----------+-----+-----+---------+

    + Detail: 
        * Instance: 
        N/A

        * Loop: 
        +----------+---------+---------+----------+-----------+-----------+------+----------+
        |          |  Latency (cycles) | Iteration|  Initiation Interval  | Trip |          |
        | Loop Name|   min   |   max   |  Latency |  achieved |   target  | Count| Pipelined|
        +----------+---------+---------+----------+-----------+-----------+------+----------+
        |- Loop 1  |        ?|        ?|         3|          1|          1|     ?|    yes   |
        +----------+---------+---------+----------+-----------+-----------+------+----------+



================================================================
== Utilization Estimates
================================================================
* Summary: 
+-----------------+---------+-------+--------+-------+-----+
|       Name      | BRAM_18K| DSP48E|   FF   |  LUT  | URAM|
+-----------------+---------+-------+--------+-------+-----+
|DSP              |        -|      -|       -|      -|    -|
|Expression       |        -|      4|       0|    731|    -|
|FIFO             |        -|      -|       -|      -|    -|
|Instance         |        0|      -|     144|    232|    -|
|Memory           |       16|      -|       0|      0|    -|
|Multiplexer      |        -|      -|       -|     93|    -|
|Register         |        -|      -|     396|      -|    -|
+-----------------+---------+-------+--------+-------+-----+
|Total            |       16|      4|     540|   1056|    0|
+-----------------+---------+-------+--------+-------+-----+
|Available        |      280|    220|  106400|  53200|    0|
+-----------------+---------+-------+--------+-------+-----+
|Utilization (%)  |        5|      1|   ~0   |      1|    0|
+-----------------+---------+-------+--------+-------+-----+

+ Detail: 
    * Instance: 
    +--------------------------------+------------------------------+---------+-------+-----+-----+-----+
    |            Instance            |            Module            | BRAM_18K| DSP48E|  FF | LUT | URAM|
    +--------------------------------+------------------------------+---------+-------+-----+-----+-----+
    |incrust_score_AXILiteS_s_axi_U  |incrust_score_AXILiteS_s_axi  |        0|      0|  144|  232|    0|
    +--------------------------------+------------------------------+---------+-------+-----+-----+-----+
    |Total                           |                              |        0|      0|  144|  232|    0|
    +--------------------------------+------------------------------+---------+-------+-----+-----+-----+

    * DSP48E: 
    N/A

    * Memory: 
    +----------+----------------------+---------+---+----+-----+------+-----+------+-------------+
    |  Memory  |        Module        | BRAM_18K| FF| LUT| URAM| Words| Bits| Banks| W*Bits*Banks|
    +----------+----------------------+---------+---+----+-----+------+-----+------+-------------+
    |im_1_V_U  |incrust_score_im_bkb  |        4|  0|   0|    0|  2500|   17|     1|        42500|
    |im_2_V_U  |incrust_score_im_cud  |        4|  0|   0|    0|  2500|   17|     1|        42500|
    |im_3_V_U  |incrust_score_im_dEe  |        4|  0|   0|    0|  2500|   17|     1|        42500|
    |im_0_V_U  |incrust_score_im_eOg  |        4|  0|   0|    0|  2500|   17|     1|        42500|
    +----------+----------------------+---------+---+----+-----+------+-----+------+-------------+
    |Total     |                      |       16|  0|   0|    0| 10000|   68|     4|       170000|
    +----------+----------------------+---------+---+----+-----+------+-----+------+-------------+

    * FIFO: 
    N/A

    * Expression: 
    +----------------------------------+----------+-------+---+----+------------+------------+
    |           Variable Name          | Operation| DSP48E| FF| LUT| Bitwidth P0| Bitwidth P1|
    +----------------------------------+----------+-------+---+----+------------+------------+
    |bound_fu_333_p2                   |     *    |      4|  0|  20|          32|          32|
    |add_ln23_1_fu_373_p2              |     +    |      0|  0|  38|          31|           1|
    |add_ln23_fu_367_p2                |     +    |      0|  0|  71|          64|           1|
    |add_ln26_fu_515_p2                |     +    |      0|  0|  38|          31|           1|
    |add_ln31_1_fu_271_p2              |     +    |      0|  0|  39|          32|           6|
    |add_ln31_fu_265_p2                |     +    |      0|  0|  39|          32|           6|
    |pixel_fu_501_p2                   |     +    |      0|  0|  39|          32|           1|
    |and_ln31_fu_487_p2                |    and   |      0|  0|   2|           1|           1|
    |and_ln35_fu_301_p2                |    and   |      0|  0|   2|           1|           1|
    |and_ln38_fu_319_p2                |    and   |      0|  0|   2|           1|           1|
    |ap_block_pp0_stage0_01001         |    and   |      0|  0|   2|           1|           1|
    |ap_block_state2_pp0_stage0_iter0  |    and   |      0|  0|   2|           1|           1|
    |ap_block_state3_io                |    and   |      0|  0|   2|           1|           1|
    |ap_block_state4_io                |    and   |      0|  0|   2|           1|           1|
    |icmp_ln23_fu_362_p2               |   icmp   |      0|  0|  29|          64|          64|
    |icmp_ln26_fu_357_p2               |   icmp   |      0|  0|  18|          32|          32|
    |icmp_ln31_1_fu_348_p2             |   icmp   |      0|  0|  18|          32|          32|
    |icmp_ln31_2_fu_453_p2             |   icmp   |      0|  0|  18|          32|          32|
    |icmp_ln31_3_fu_383_p2             |   icmp   |      0|  0|  18|          32|          32|
    |icmp_ln31_4_fu_396_p2             |   icmp   |      0|  0|  18|          32|          32|
    |icmp_ln31_5_fu_458_p2             |   icmp   |      0|  0|  18|          32|          32|
    |icmp_ln31_fu_343_p2               |   icmp   |      0|  0|  18|          32|          32|
    |icmp_ln32_fu_277_p2               |   icmp   |      0|  0|  18|          32|           1|
    |icmp_ln35_fu_283_p2               |   icmp   |      0|  0|  18|          32|           2|
    |icmp_ln38_fu_289_p2               |   icmp   |      0|  0|  18|          32|           2|
    |ap_block_pp0_stage0_11001         |    or    |      0|  0|   2|           1|           1|
    |or_ln31_1_fu_475_p2               |    or    |      0|  0|   2|           1|           1|
    |or_ln31_fu_469_p2                 |    or    |      0|  0|   2|           1|           1|
    |or_ln35_fu_307_p2                 |    or    |      0|  0|   2|           1|           1|
    |j_fu_521_p3                       |  select  |      0|  0|  31|           1|          31|
    |m_axis_video_TDATA_int            |  select  |      0|  0|  24|           1|          24|
    |pixel_2_fu_507_p3                 |  select  |      0|  0|  32|           1|          32|
    |select_ln23_1_fu_401_p3           |  select  |      0|  0|   2|           1|           1|
    |select_ln23_2_fu_409_p3           |  select  |      0|  0|  31|           1|          31|
    |select_ln23_3_fu_421_p3           |  select  |      0|  0|  31|           1|          31|
    |select_ln23_fu_388_p3             |  select  |      0|  0|   2|           1|           1|
    |select_ln32_fu_532_p3             |  select  |      0|  0|  17|           1|          17|
    |select_ln35_fu_539_p3             |  select  |      0|  0|  17|           1|          17|
    |video_data_V_1_fu_546_p3          |  select  |      0|  0|  17|           1|          17|
    |ap_enable_pp0                     |    xor   |      0|  0|   2|           1|           2|
    |ap_enable_reg_pp0_iter1           |    xor   |      0|  0|   2|           2|           1|
    |xor_ln31_1_fu_463_p2              |    xor   |      0|  0|   2|           1|           2|
    |xor_ln31_fu_481_p2                |    xor   |      0|  0|   2|           1|           2|
    |xor_ln32_fu_295_p2                |    xor   |      0|  0|   2|           1|           2|
    |xor_ln35_fu_313_p2                |    xor   |      0|  0|   2|           1|           2|
    +----------------------------------+----------+-------+---+----+------------+------------+
    |Total                             |          |      4|  0| 731|         666|         565|
    +----------------------------------+----------+-------+---+----+------------+------------+

    * Multiplexer: 
    +--------------------------+----+-----------+-----+-----------+
    |           Name           | LUT| Input Size| Bits| Total Bits|
    +--------------------------+----+-----------+-----+-----------+
    |ap_NS_fsm                 |  21|          4|    1|          4|
    |ap_enable_reg_pp0_iter1   |   9|          2|    1|          2|
    |ap_enable_reg_pp0_iter2   |   9|          2|    1|          2|
    |i_0_reg_232               |   9|          2|   31|         62|
    |indvar_flatten_reg_221    |   9|          2|   64|        128|
    |j_0_reg_254               |   9|          2|   31|         62|
    |m_axis_video_TDATA_blk_n  |   9|          2|    1|          2|
    |pixel_1_reg_243           |   9|          2|   32|         64|
    |s_axis_video_TDATA_blk_n  |   9|          2|    1|          2|
    +--------------------------+----+-----------+-----+-----------+
    |Total                     |  93|         20|  163|        328|
    +--------------------------+----+-----------+-----+-----------+

    * Register: 
    +---------------------------------+----+----+-----+-----------+
    |               Name              | FF | LUT| Bits| Const Bits|
    +---------------------------------+----+----+-----+-----------+
    |add_ln31_1_reg_590               |  32|   0|   32|          0|
    |add_ln31_reg_585                 |  32|   0|   32|          0|
    |and_ln31_reg_665                 |   1|   0|    1|          0|
    |and_ln35_reg_601                 |   1|   0|    1|          0|
    |and_ln38_reg_606                 |   1|   0|    1|          0|
    |ap_CS_fsm                        |   3|   0|    3|          0|
    |ap_enable_reg_pp0_iter0          |   1|   0|    1|          0|
    |ap_enable_reg_pp0_iter1          |   1|   0|    1|          0|
    |ap_enable_reg_pp0_iter2          |   1|   0|    1|          0|
    |bound_reg_611                    |  64|   0|   64|          0|
    |empty_reg_630_0                  |  24|   0|   24|          0|
    |i_0_reg_232                      |  31|   0|   31|          0|
    |icmp_ln23_reg_616                |   1|   0|    1|          0|
    |icmp_ln23_reg_616_pp0_iter1_reg  |   1|   0|    1|          0|
    |icmp_ln32_reg_596                |   1|   0|    1|          0|
    |indvar_flatten_reg_221           |  64|   0|   64|          0|
    |j_0_reg_254                      |  31|   0|   31|          0|
    |pixel_1_reg_243                  |  32|   0|   32|          0|
    |start_x_read_reg_575             |  32|   0|   32|          0|
    |start_y_read_reg_569             |  32|   0|   32|          0|
    |tmp_dest_V_reg_660               |   1|   0|    1|          0|
    |tmp_id_V_reg_655                 |   1|   0|    1|          0|
    |tmp_keep_V_reg_635               |   3|   0|    3|          0|
    |tmp_last_V_reg_650               |   1|   0|    1|          0|
    |tmp_strb_V_reg_640               |   3|   0|    3|          0|
    |tmp_user_V_reg_645               |   1|   0|    1|          0|
    +---------------------------------+----+----+-----+-----------+
    |Total                            | 396|   0|  396|          0|
    +---------------------------------+----+----+-----+-----------+



================================================================
== Interface
================================================================
* Summary: 
+------------------------+-----+-----+--------------+-----------------------+--------------+
|        RTL Ports       | Dir | Bits|   Protocol   |     Source Object     |    C Type    |
+------------------------+-----+-----+--------------+-----------------------+--------------+
|s_axi_AXILiteS_AWVALID  |  in |    1|     s_axi    |        AXILiteS       |    scalar    |
|s_axi_AXILiteS_AWREADY  | out |    1|     s_axi    |        AXILiteS       |    scalar    |
|s_axi_AXILiteS_AWADDR   |  in |    6|     s_axi    |        AXILiteS       |    scalar    |
|s_axi_AXILiteS_WVALID   |  in |    1|     s_axi    |        AXILiteS       |    scalar    |
|s_axi_AXILiteS_WREADY   | out |    1|     s_axi    |        AXILiteS       |    scalar    |
|s_axi_AXILiteS_WDATA    |  in |   32|     s_axi    |        AXILiteS       |    scalar    |
|s_axi_AXILiteS_WSTRB    |  in |    4|     s_axi    |        AXILiteS       |    scalar    |
|s_axi_AXILiteS_ARVALID  |  in |    1|     s_axi    |        AXILiteS       |    scalar    |
|s_axi_AXILiteS_ARREADY  | out |    1|     s_axi    |        AXILiteS       |    scalar    |
|s_axi_AXILiteS_ARADDR   |  in |    6|     s_axi    |        AXILiteS       |    scalar    |
|s_axi_AXILiteS_RVALID   | out |    1|     s_axi    |        AXILiteS       |    scalar    |
|s_axi_AXILiteS_RREADY   |  in |    1|     s_axi    |        AXILiteS       |    scalar    |
|s_axi_AXILiteS_RDATA    | out |   32|     s_axi    |        AXILiteS       |    scalar    |
|s_axi_AXILiteS_RRESP    | out |    2|     s_axi    |        AXILiteS       |    scalar    |
|s_axi_AXILiteS_BVALID   | out |    1|     s_axi    |        AXILiteS       |    scalar    |
|s_axi_AXILiteS_BREADY   |  in |    1|     s_axi    |        AXILiteS       |    scalar    |
|s_axi_AXILiteS_BRESP    | out |    2|     s_axi    |        AXILiteS       |    scalar    |
|ap_clk                  |  in |    1| ap_ctrl_none |     incrust_score     | return value |
|ap_rst_n                |  in |    1| ap_ctrl_none |     incrust_score     | return value |
|s_axis_video_TDATA      |  in |   24|     axis     | s_axis_video_V_data_V |    pointer   |
|s_axis_video_TVALID     |  in |    1|     axis     | s_axis_video_V_dest_V |    pointer   |
|s_axis_video_TREADY     | out |    1|     axis     | s_axis_video_V_dest_V |    pointer   |
|s_axis_video_TDEST      |  in |    1|     axis     | s_axis_video_V_dest_V |    pointer   |
|s_axis_video_TKEEP      |  in |    3|     axis     | s_axis_video_V_keep_V |    pointer   |
|s_axis_video_TSTRB      |  in |    3|     axis     | s_axis_video_V_strb_V |    pointer   |
|s_axis_video_TUSER      |  in |    1|     axis     | s_axis_video_V_user_V |    pointer   |
|s_axis_video_TLAST      |  in |    1|     axis     | s_axis_video_V_last_V |    pointer   |
|s_axis_video_TID        |  in |    1|     axis     |  s_axis_video_V_id_V  |    pointer   |
|m_axis_video_TDATA      | out |   24|     axis     | m_axis_video_V_data_V |    pointer   |
|m_axis_video_TVALID     | out |    1|     axis     | m_axis_video_V_dest_V |    pointer   |
|m_axis_video_TREADY     |  in |    1|     axis     | m_axis_video_V_dest_V |    pointer   |
|m_axis_video_TDEST      | out |    1|     axis     | m_axis_video_V_dest_V |    pointer   |
|m_axis_video_TKEEP      | out |    3|     axis     | m_axis_video_V_keep_V |    pointer   |
|m_axis_video_TSTRB      | out |    3|     axis     | m_axis_video_V_strb_V |    pointer   |
|m_axis_video_TUSER      | out |    1|     axis     | m_axis_video_V_user_V |    pointer   |
|m_axis_video_TLAST      | out |    1|     axis     | m_axis_video_V_last_V |    pointer   |
|m_axis_video_TID        | out |    1|     axis     |  m_axis_video_V_id_V  |    pointer   |
|hsize_in                |  in |   32|    ap_none   |        hsize_in       |    scalar    |
|vsize_in                |  in |   32|    ap_none   |        vsize_in       |    scalar    |
+------------------------+-----+-----+--------------+-----------------------+--------------+

