

================================================================
== Vivado HLS Report for 'incrust_bar'
================================================================
* Date:           Thu Jan 11 16:56:38 2024

* Version:        2019.2 (Build 2704478 on Wed Nov 06 22:10:23 MST 2019)
* Project:        incrust_bar
* Solution:       solution1
* Product family: zynq
* Target device:  xc7z020-clg484-1


================================================================
== Performance Estimates
================================================================
+ Timing: 
    * Summary: 
    +--------+----------+----------+------------+
    |  Clock |  Target  | Estimated| Uncertainty|
    +--------+----------+----------+------------+
    |ap_clk  | 10.00 ns | 8.510 ns |   1.25 ns  |
    +--------+----------+----------+------------+

+ Latency: 
    * Summary: 
    +---------+---------+----------+----------+-----+-----+---------+
    |  Latency (cycles) |  Latency (absolute) |  Interval | Pipeline|
    |   min   |   max   |    min   |    max   | min | max |   Type  |
    +---------+---------+----------+----------+-----+-----+---------+
    |        ?|        ?|         ?|         ?|    ?|    ?|   none  |
    +---------+---------+----------+----------+-----+-----+---------+

    + Detail: 
        * Instance: 
        N/A

        * Loop: 
        +----------+---------+---------+----------+-----------+-----------+------+----------+
        |          |  Latency (cycles) | Iteration|  Initiation Interval  | Trip |          |
        | Loop Name|   min   |   max   |  Latency |  achieved |   target  | Count| Pipelined|
        +----------+---------+---------+----------+-----------+-----------+------+----------+
        |- Loop 1  |        ?|        ?|         3|          1|          1|     ?|    yes   |
        +----------+---------+---------+----------+-----------+-----------+------+----------+



================================================================
== Utilization Estimates
================================================================
* Summary: 
+-----------------+---------+-------+--------+-------+-----+
|       Name      | BRAM_18K| DSP48E|   FF   |  LUT  | URAM|
+-----------------+---------+-------+--------+-------+-----+
|DSP              |        -|      -|       -|      -|    -|
|Expression       |        -|      4|       0|    545|    -|
|FIFO             |        -|      -|       -|      -|    -|
|Instance         |        -|      -|       -|      -|    -|
|Memory           |        -|      -|       -|      -|    -|
|Multiplexer      |        -|      -|       -|     84|    -|
|Register         |        -|      -|     296|      -|    -|
+-----------------+---------+-------+--------+-------+-----+
|Total            |        0|      4|     296|    629|    0|
+-----------------+---------+-------+--------+-------+-----+
|Available        |      280|    220|  106400|  53200|    0|
+-----------------+---------+-------+--------+-------+-----+
|Utilization (%)  |        0|      1|   ~0   |      1|    0|
+-----------------+---------+-------+--------+-------+-----+

+ Detail: 
    * Instance: 
    N/A

    * DSP48E: 
    N/A

    * Memory: 
    N/A

    * FIFO: 
    N/A

    * Expression: 
    +----------------------------------+----------+-------+---+----+------------+------------+
    |           Variable Name          | Operation| DSP48E| FF| LUT| Bitwidth P0| Bitwidth P1|
    +----------------------------------+----------+-------+---+----+------------+------------+
    |bound_fu_200_p2                   |     *    |      4|  0|  20|          32|          32|
    |add_ln17_1_fu_240_p2              |     +    |      0|  0|  38|          31|           1|
    |add_ln17_fu_234_p2                |     +    |      0|  0|  71|          64|           1|
    |add_ln20_fu_372_p2                |     +    |      0|  0|  38|          31|           1|
    |add_ln25_1_fu_186_p2              |     +    |      0|  0|  39|          32|           6|
    |add_ln25_fu_180_p2                |     +    |      0|  0|  39|          32|           7|
    |and_ln25_fu_358_p2                |    and   |      0|  0|   2|           1|           1|
    |ap_block_pp0_stage0_01001         |    and   |      0|  0|   2|           1|           1|
    |ap_block_state2_pp0_stage0_iter0  |    and   |      0|  0|   2|           1|           1|
    |ap_block_state3_io                |    and   |      0|  0|   2|           1|           1|
    |ap_block_state4_io                |    and   |      0|  0|   2|           1|           1|
    |icmp_ln17_fu_229_p2               |   icmp   |      0|  0|  29|          64|          64|
    |icmp_ln20_fu_224_p2               |   icmp   |      0|  0|  18|          32|          32|
    |icmp_ln25_1_fu_215_p2             |   icmp   |      0|  0|  18|          32|          32|
    |icmp_ln25_2_fu_324_p2             |   icmp   |      0|  0|  18|          32|          32|
    |icmp_ln25_3_fu_250_p2             |   icmp   |      0|  0|  18|          32|          32|
    |icmp_ln25_4_fu_263_p2             |   icmp   |      0|  0|  18|          32|          32|
    |icmp_ln25_5_fu_329_p2             |   icmp   |      0|  0|  18|          32|          32|
    |icmp_ln25_fu_210_p2               |   icmp   |      0|  0|  18|          32|          32|
    |ap_block_pp0_stage0_11001         |    or    |      0|  0|   2|           1|           1|
    |or_ln25_1_fu_346_p2               |    or    |      0|  0|   2|           1|           1|
    |or_ln25_fu_340_p2                 |    or    |      0|  0|   2|           1|           1|
    |j_fu_378_p3                       |  select  |      0|  0|  31|           1|          31|
    |select_ln17_1_fu_268_p3           |  select  |      0|  0|   2|           1|           1|
    |select_ln17_2_fu_276_p3           |  select  |      0|  0|  31|           1|          31|
    |select_ln17_3_fu_288_p3           |  select  |      0|  0|  31|           1|          31|
    |select_ln17_fu_255_p3             |  select  |      0|  0|   2|           1|           1|
    |tmp_data_V_fu_364_p3              |  select  |      0|  0|  24|           1|          24|
    |ap_enable_pp0                     |    xor   |      0|  0|   2|           1|           2|
    |ap_enable_reg_pp0_iter1           |    xor   |      0|  0|   2|           2|           1|
    |xor_ln25_1_fu_334_p2              |    xor   |      0|  0|   2|           1|           2|
    |xor_ln25_fu_352_p2                |    xor   |      0|  0|   2|           1|           2|
    +----------------------------------+----------+-------+---+----+------------+------------+
    |Total                             |          |      4|  0| 545|         529|         470|
    +----------------------------------+----------+-------+---+----+------------+------------+

    * Multiplexer: 
    +--------------------------+----+-----------+-----+-----------+
    |           Name           | LUT| Input Size| Bits| Total Bits|
    +--------------------------+----+-----------+-----+-----------+
    |ap_NS_fsm                 |  21|          4|    1|          4|
    |ap_enable_reg_pp0_iter1   |   9|          2|    1|          2|
    |ap_enable_reg_pp0_iter2   |   9|          2|    1|          2|
    |i_0_reg_158               |   9|          2|   31|         62|
    |indvar_flatten_reg_147    |   9|          2|   64|        128|
    |j_0_reg_169               |   9|          2|   31|         62|
    |m_axis_video_TDATA_blk_n  |   9|          2|    1|          2|
    |s_axis_video_TDATA_blk_n  |   9|          2|    1|          2|
    +--------------------------+----+-----------+-----+-----------+
    |Total                     |  84|         18|  131|        264|
    +--------------------------+----+-----------+-----+-----------+

    * Register: 
    +---------------------------------+----+----+-----+-----------+
    |               Name              | FF | LUT| Bits| Const Bits|
    +---------------------------------+----+----+-----+-----------+
    |add_ln25_1_reg_407               |  32|   0|   32|          0|
    |add_ln25_reg_402                 |  32|   0|   32|          0|
    |ap_CS_fsm                        |   3|   0|    3|          0|
    |ap_enable_reg_pp0_iter0          |   1|   0|    1|          0|
    |ap_enable_reg_pp0_iter1          |   1|   0|    1|          0|
    |ap_enable_reg_pp0_iter2          |   1|   0|    1|          0|
    |bound_reg_413                    |  64|   0|   64|          0|
    |i_0_reg_158                      |  31|   0|   31|          0|
    |icmp_ln17_reg_418                |   1|   0|    1|          0|
    |icmp_ln17_reg_418_pp0_iter1_reg  |   1|   0|    1|          0|
    |indvar_flatten_reg_147           |  64|   0|   64|          0|
    |j_0_reg_169                      |  31|   0|   31|          0|
    |tmp_data_V_reg_462               |  24|   0|   24|          0|
    |tmp_dest_V_reg_457               |   1|   0|    1|          0|
    |tmp_id_V_reg_452                 |   1|   0|    1|          0|
    |tmp_keep_V_reg_432               |   3|   0|    3|          0|
    |tmp_last_V_reg_447               |   1|   0|    1|          0|
    |tmp_strb_V_reg_437               |   3|   0|    3|          0|
    |tmp_user_V_reg_442               |   1|   0|    1|          0|
    +---------------------------------+----+----+-----+-----------+
    |Total                            | 296|   0|  296|          0|
    +---------------------------------+----+----+-----+-----------+



================================================================
== Interface
================================================================
* Summary: 
+---------------------+-----+-----+------------+-----------------------+--------------+
|      RTL Ports      | Dir | Bits|  Protocol  |     Source Object     |    C Type    |
+---------------------+-----+-----+------------+-----------------------+--------------+
|ap_clk               |  in |    1| ap_ctrl_hs |      incrust_bar      | return value |
|ap_rst_n             |  in |    1| ap_ctrl_hs |      incrust_bar      | return value |
|ap_start             |  in |    1| ap_ctrl_hs |      incrust_bar      | return value |
|ap_done              | out |    1| ap_ctrl_hs |      incrust_bar      | return value |
|ap_idle              | out |    1| ap_ctrl_hs |      incrust_bar      | return value |
|ap_ready             | out |    1| ap_ctrl_hs |      incrust_bar      | return value |
|s_axis_video_TDATA   |  in |   24|    axis    | s_axis_video_V_data_V |    pointer   |
|s_axis_video_TVALID  |  in |    1|    axis    | s_axis_video_V_dest_V |    pointer   |
|s_axis_video_TREADY  | out |    1|    axis    | s_axis_video_V_dest_V |    pointer   |
|s_axis_video_TDEST   |  in |    1|    axis    | s_axis_video_V_dest_V |    pointer   |
|s_axis_video_TKEEP   |  in |    3|    axis    | s_axis_video_V_keep_V |    pointer   |
|s_axis_video_TSTRB   |  in |    3|    axis    | s_axis_video_V_strb_V |    pointer   |
|s_axis_video_TUSER   |  in |    1|    axis    | s_axis_video_V_user_V |    pointer   |
|s_axis_video_TLAST   |  in |    1|    axis    | s_axis_video_V_last_V |    pointer   |
|s_axis_video_TID     |  in |    1|    axis    |  s_axis_video_V_id_V  |    pointer   |
|m_axis_video_TDATA   | out |   24|    axis    | m_axis_video_V_data_V |    pointer   |
|m_axis_video_TVALID  | out |    1|    axis    | m_axis_video_V_dest_V |    pointer   |
|m_axis_video_TREADY  |  in |    1|    axis    | m_axis_video_V_dest_V |    pointer   |
|m_axis_video_TDEST   | out |    1|    axis    | m_axis_video_V_dest_V |    pointer   |
|m_axis_video_TKEEP   | out |    3|    axis    | m_axis_video_V_keep_V |    pointer   |
|m_axis_video_TSTRB   | out |    3|    axis    | m_axis_video_V_strb_V |    pointer   |
|m_axis_video_TUSER   | out |    1|    axis    | m_axis_video_V_user_V |    pointer   |
|m_axis_video_TLAST   | out |    1|    axis    | m_axis_video_V_last_V |    pointer   |
|m_axis_video_TID     | out |    1|    axis    |  m_axis_video_V_id_V  |    pointer   |
|hsize_in             |  in |   32|   ap_none  |        hsize_in       |    scalar    |
|vsize_in             |  in |   32|   ap_none  |        vsize_in       |    scalar    |
|start_x              |  in |   32|   ap_none  |        start_x        |    scalar    |
|start_y              |  in |   32|   ap_none  |        start_y        |    scalar    |
+---------------------+-----+-----+------------+-----------------------+--------------+

