16:51:45 INFO  : Launching XSCT server: xsct.bat -n  -interactive F:\PFE\Pcam_base_2023_vitis\temp_xsdb_launch_script.tcl
16:51:47 INFO  : XSCT server has started successfully.
16:51:47 INFO  : Successfully done setting XSCT server connection channel  
16:51:47 INFO  : plnx-install-location is set to ''
16:51:47 INFO  : Successfully done setting workspace for the tool. 
16:51:47 INFO  : Successfully done query RDI_DATADIR 
16:51:48 INFO  : Registering command handlers for Vitis TCF services
16:55:21 INFO  : Successfully done sdx_reload_mss "F:/PFE/Pcam_base_2023_vitis/platform/zynq_fsbl/zynq_fsbl_bsp/system.mss"
16:55:21 INFO  : Successfully done sdx_reload_mss "F:/PFE/Pcam_base_2023_vitis/platform/ps7_cortexa9_0/standalone_domain/bsp/system.mss"
16:57:15 INFO  : Checking for BSP changes to sync application flags for project 'application'...
16:58:09 INFO  : Connected to target on host '127.0.0.1' and port '3121'.
16:58:10 INFO  : Jtag cable 'Digilent Zed 210248B186DF' is selected.
16:58:10 INFO  : 'jtag frequency' command is executed.
16:58:10 INFO  : Context for 'APU' is selected.
16:58:10 INFO  : System reset is completed.
16:58:13 INFO  : 'after 3000' command is executed.
16:58:13 INFO  : 'targets -set -filter {jtag_cable_name =~ "Digilent Zed 210248B186DF" && level==0} -index 1' command is executed.
16:58:15 INFO  : FPGA configured successfully with bitstream "F:/PFE/Pcam_base_2023_vitis/application/_ide/bitstream/system_wrapper.bit"
16:58:15 INFO  : Context for 'APU' is selected.
16:58:15 INFO  : Hardware design information is loaded from 'F:/PFE/Pcam_base_2023_vitis/platform/export/platform/hw/system_wrapper.xsa'.
16:58:15 INFO  : 'configparams force-mem-access 1' command is executed.
16:58:15 INFO  : Context for 'APU' is selected.
16:58:15 INFO  : Sourcing of 'F:/PFE/Pcam_base_2023_vitis/application/_ide/psinit/ps7_init.tcl' is done.
16:58:16 INFO  : 'ps7_init' command is executed.
16:58:16 INFO  : 'ps7_post_config' command is executed.
16:58:16 INFO  : Context for processor 'ps7_cortexa9_0' is selected.
16:58:18 INFO  : The application 'F:/PFE/Pcam_base_2023_vitis/application/Debug/application.elf' is downloaded to processor 'ps7_cortexa9_0'.
16:58:18 INFO  : 'configparams force-mem-access 0' command is executed.
16:58:18 INFO  : ----------------XSDB Script----------------
connect -url tcp:127.0.0.1:3121
targets -set -nocase -filter {name =~"APU*"}
rst -system
after 3000
targets -set -filter {jtag_cable_name =~ "Digilent Zed 210248B186DF" && level==0} -index 1
fpga -file F:/PFE/Pcam_base_2023_vitis/application/_ide/bitstream/system_wrapper.bit
targets -set -nocase -filter {name =~"APU*"}
loadhw -hw F:/PFE/Pcam_base_2023_vitis/platform/export/platform/hw/system_wrapper.xsa -mem-ranges [list {0x40000000 0xbfffffff}]
configparams force-mem-access 1
targets -set -nocase -filter {name =~"APU*"}
source F:/PFE/Pcam_base_2023_vitis/application/_ide/psinit/ps7_init.tcl
ps7_init
ps7_post_config
targets -set -nocase -filter {name =~ "*A9*#0"}
dow F:/PFE/Pcam_base_2023_vitis/application/Debug/application.elf
configparams force-mem-access 0
----------------End of Script----------------

16:58:18 INFO  : Memory regions updated for context APU
16:58:18 INFO  : Context for processor 'ps7_cortexa9_0' is selected.
16:58:18 INFO  : 'con' command is executed.
16:58:18 INFO  : ----------------XSDB Script (After Launch)----------------
targets -set -nocase -filter {name =~ "*A9*#0"}
con
----------------End of Script----------------

16:58:18 INFO  : Launch script is exported to file 'F:\PFE\Pcam_base_2023_vitis\.sdk\launch_scripts\single_application_debug\systemdebugger_application_system_standalone.tcl'
17:01:07 INFO  : Disconnected from the channel tcfchan#2.
