
*** Running vivado
    with args -log system_video_scaler_b_0.vds -m64 -product Vivado -mode batch -messageDb vivado.pb -notrace -source system_video_scaler_b_0.tcl



****** Vivado v2023.1 (64-bit)
  **** SW Build 3865809 on Sun May  7 15:05:29 MDT 2023
  **** IP Build 3864474 on Sun May  7 20:36:21 MDT 2023
  **** SharedData Build 3865790 on Sun May 07 13:33:03 MDT 2023
    ** Copyright 1986-2022 Xilinx, Inc. All Rights Reserved.
    ** Copyright 2022-2023 Advanced Micro Devices, Inc. All Rights Reserved.

source system_video_scaler_b_0.tcl -notrace
create_project: Time (s): cpu = 00:00:06 ; elapsed = 00:00:07 . Memory (MB): peak = 1454.465 ; gain = 154.633
INFO: [IP_Flow 19-234] Refreshing IP repositories
INFO: [IP_Flow 19-1700] Loaded user IP repository 'f:/PFE/Pcam_base_2023/repo_0'.
INFO: [IP_Flow 19-1700] Loaded user IP repository 'f:/PFE/hls/incrust'.
INFO: [IP_Flow 19-2313] Loaded Vivado IP repository 'E:/Xilinx/Vivado/2023.1/data/ip'.
INFO: [IP_Flow 19-6924] IPCACHE: Running cache check for IP inst: system_video_scaler_b_0
INFO: [IP_Flow 19-6922] IPCACHE: Exporting cached entry 4501c8f71e318402 to dir: F:/PFE/Pcam_base_2023/Pcam_base.runs/system_video_scaler_b_0_synth_1
INFO: [IP_Flow 19-6928] IPCACHE: copied cached file f:/PFE/Pcam_base_2023/Pcam_base.cache/ip/2023.1/4/5/4501c8f71e318402/system_video_scaler_a_0.dcp to F:/PFE/Pcam_base_2023/Pcam_base.runs/system_video_scaler_b_0_synth_1/system_video_scaler_b_0.dcp.
INFO: [IP_Flow 19-6928] IPCACHE: copied cached file f:/PFE/Pcam_base_2023/Pcam_base.cache/ip/2023.1/4/5/4501c8f71e318402/system_video_scaler_a_0_sim_netlist.v to F:/PFE/Pcam_base_2023/Pcam_base.runs/system_video_scaler_b_0_synth_1/system_video_scaler_b_0_sim_netlist.v.
INFO: [IP_Flow 19-6928] IPCACHE: copied cached file f:/PFE/Pcam_base_2023/Pcam_base.cache/ip/2023.1/4/5/4501c8f71e318402/system_video_scaler_a_0_sim_netlist.vhdl to F:/PFE/Pcam_base_2023/Pcam_base.runs/system_video_scaler_b_0_synth_1/system_video_scaler_b_0_sim_netlist.vhdl.
INFO: [IP_Flow 19-6928] IPCACHE: copied cached file f:/PFE/Pcam_base_2023/Pcam_base.cache/ip/2023.1/4/5/4501c8f71e318402/system_video_scaler_a_0_stub.v to F:/PFE/Pcam_base_2023/Pcam_base.runs/system_video_scaler_b_0_synth_1/system_video_scaler_b_0_stub.v.
INFO: [IP_Flow 19-6928] IPCACHE: copied cached file f:/PFE/Pcam_base_2023/Pcam_base.cache/ip/2023.1/4/5/4501c8f71e318402/system_video_scaler_a_0_stub.vhdl to F:/PFE/Pcam_base_2023/Pcam_base.runs/system_video_scaler_b_0_synth_1/system_video_scaler_b_0_stub.vhdl.
INFO: [IP_Flow 19-4838] Using cached IP synthesis design for IP system_video_scaler_b_0, cache-ID = 4501c8f71e318402.
INFO: [Common 17-206] Exiting Vivado at Thu Dec 14 15:40:56 2023...
