
*** Running vivado
    with args -log system_xbar_4.vds -m64 -product Vivado -mode batch -messageDb vivado.pb -notrace -source system_xbar_4.tcl



****** Vivado v2023.1 (64-bit)
  **** SW Build 3865809 on Sun May  7 15:05:29 MDT 2023
  **** IP Build 3864474 on Sun May  7 20:36:21 MDT 2023
  **** SharedData Build 3865790 on Sun May 07 13:33:03 MDT 2023
    ** Copyright 1986-2022 Xilinx, Inc. All Rights Reserved.
    ** Copyright 2022-2023 Advanced Micro Devices, Inc. All Rights Reserved.

source system_xbar_4.tcl -notrace
create_project: Time (s): cpu = 00:00:11 ; elapsed = 00:00:16 . Memory (MB): peak = 1460.035 ; gain = 159.309
INFO: [IP_Flow 19-234] Refreshing IP repositories
INFO: [IP_Flow 19-1700] Loaded user IP repository 'f:/PFE/Pcam_base_2023/repo_0'.
INFO: [IP_Flow 19-1700] Loaded user IP repository 'f:/PFE/hls/incrust'.
INFO: [IP_Flow 19-2313] Loaded Vivado IP repository 'E:/Xilinx/Vivado/2023.1/data/ip'.
INFO: [IP_Flow 19-6924] IPCACHE: Running cache check for IP inst: system_xbar_4
Command: synth_design -top system_xbar_4 -part xc7z020clg484-1 -incremental_mode off -mode out_of_context
Starting synth_design
Attempting to get a license for feature 'Synthesis' and/or device 'xc7z020'
INFO: [Common 17-349] Got license for feature 'Synthesis' and/or device 'xc7z020'
INFO: [Device 21-403] Loading part xc7z020clg484-1
INFO: [Synth 8-7079] Multithreading enabled for synth_design using a maximum of 2 processes.
INFO: [Synth 8-7078] Launching helper process for spawning children vivado processes
INFO: [Synth 8-7075] Helper process launched with PID 11136
---------------------------------------------------------------------------------
Starting RTL Elaboration : Time (s): cpu = 00:00:17 ; elapsed = 00:00:20 . Memory (MB): peak = 2325.203 ; gain = 410.512
---------------------------------------------------------------------------------
INFO: [Synth 8-6157] synthesizing module 'system_xbar_4' [f:/PFE/Pcam_base_2023/Pcam_base.gen/sources_1/bd/system/ip/system_xbar_4/synth/system_xbar_4.v:53]
INFO: [Synth 8-6157] synthesizing module 'axi_crossbar_v2_1_29_axi_crossbar' [f:/PFE/Pcam_base_2023/Pcam_base.gen/sources_1/bd/system/ipshared/f8f3/hdl/axi_crossbar_v2_1_vl_rfs.v:4883]
INFO: [Synth 8-6157] synthesizing module 'axi_crossbar_v2_1_29_crossbar' [f:/PFE/Pcam_base_2023/Pcam_base.gen/sources_1/bd/system/ipshared/f8f3/hdl/axi_crossbar_v2_1_vl_rfs.v:2238]
INFO: [Synth 8-6157] synthesizing module 'axi_crossbar_v2_1_29_si_transactor' [f:/PFE/Pcam_base_2023/Pcam_base.gen/sources_1/bd/system/ipshared/f8f3/hdl/axi_crossbar_v2_1_vl_rfs.v:3799]
INFO: [Synth 8-6157] synthesizing module 'axi_crossbar_v2_1_29_addr_decoder' [f:/PFE/Pcam_base_2023/Pcam_base.gen/sources_1/bd/system/ipshared/f8f3/hdl/axi_crossbar_v2_1_vl_rfs.v:793]
INFO: [Synth 8-6157] synthesizing module 'generic_baseblocks_v2_1_0_comparator_static' [f:/PFE/Pcam_base_2023/Pcam_base.gen/sources_1/bd/system/ipshared/b752/hdl/generic_baseblocks_v2_1_vl_rfs.v:2132]
INFO: [Synth 8-6157] synthesizing module 'generic_baseblocks_v2_1_0_carry_and' [f:/PFE/Pcam_base_2023/Pcam_base.gen/sources_1/bd/system/ipshared/b752/hdl/generic_baseblocks_v2_1_vl_rfs.v:61]
INFO: [Synth 8-6155] done synthesizing module 'generic_baseblocks_v2_1_0_carry_and' (0#1) [f:/PFE/Pcam_base_2023/Pcam_base.gen/sources_1/bd/system/ipshared/b752/hdl/generic_baseblocks_v2_1_vl_rfs.v:61]
INFO: [Synth 8-6155] done synthesizing module 'generic_baseblocks_v2_1_0_comparator_static' (0#1) [f:/PFE/Pcam_base_2023/Pcam_base.gen/sources_1/bd/system/ipshared/b752/hdl/generic_baseblocks_v2_1_vl_rfs.v:2132]
INFO: [Synth 8-6155] done synthesizing module 'axi_crossbar_v2_1_29_addr_decoder' (0#1) [f:/PFE/Pcam_base_2023/Pcam_base.gen/sources_1/bd/system/ipshared/f8f3/hdl/axi_crossbar_v2_1_vl_rfs.v:793]
INFO: [Synth 8-6157] synthesizing module 'axi_data_fifo_v2_1_27_axic_srl_fifo' [f:/PFE/Pcam_base_2023/Pcam_base.gen/sources_1/bd/system/ipshared/fab7/hdl/axi_data_fifo_v2_1_vl_rfs.v:697]
INFO: [Synth 8-6157] synthesizing module 'axi_data_fifo_v2_1_27_ndeep_srl' [f:/PFE/Pcam_base_2023/Pcam_base.gen/sources_1/bd/system/ipshared/fab7/hdl/axi_data_fifo_v2_1_vl_rfs.v:1134]
INFO: [Synth 8-6157] synthesizing module 'SRLC32E' [E:/Xilinx/Vivado/2023.1/scripts/rt/data/unisim_comp.v:132323]
INFO: [Synth 8-6155] done synthesizing module 'SRLC32E' (0#1) [E:/Xilinx/Vivado/2023.1/scripts/rt/data/unisim_comp.v:132323]
INFO: [Synth 8-6155] done synthesizing module 'axi_data_fifo_v2_1_27_ndeep_srl' (0#1) [f:/PFE/Pcam_base_2023/Pcam_base.gen/sources_1/bd/system/ipshared/fab7/hdl/axi_data_fifo_v2_1_vl_rfs.v:1134]
INFO: [Synth 8-6155] done synthesizing module 'axi_data_fifo_v2_1_27_axic_srl_fifo' (0#1) [f:/PFE/Pcam_base_2023/Pcam_base.gen/sources_1/bd/system/ipshared/fab7/hdl/axi_data_fifo_v2_1_vl_rfs.v:697]
INFO: [Synth 8-6157] synthesizing module 'generic_baseblocks_v2_1_0_mux_enc' [f:/PFE/Pcam_base_2023/Pcam_base.gen/sources_1/bd/system/ipshared/b752/hdl/generic_baseblocks_v2_1_vl_rfs.v:2451]
INFO: [Synth 8-6155] done synthesizing module 'generic_baseblocks_v2_1_0_mux_enc' (0#1) [f:/PFE/Pcam_base_2023/Pcam_base.gen/sources_1/bd/system/ipshared/b752/hdl/generic_baseblocks_v2_1_vl_rfs.v:2451]
INFO: [Synth 8-6155] done synthesizing module 'axi_crossbar_v2_1_29_si_transactor' (0#1) [f:/PFE/Pcam_base_2023/Pcam_base.gen/sources_1/bd/system/ipshared/f8f3/hdl/axi_crossbar_v2_1_vl_rfs.v:3799]
INFO: [Synth 8-6157] synthesizing module 'axi_crossbar_v2_1_29_splitter' [f:/PFE/Pcam_base_2023/Pcam_base.gen/sources_1/bd/system/ipshared/f8f3/hdl/axi_crossbar_v2_1_vl_rfs.v:4460]
INFO: [Synth 8-6155] done synthesizing module 'axi_crossbar_v2_1_29_splitter' (0#1) [f:/PFE/Pcam_base_2023/Pcam_base.gen/sources_1/bd/system/ipshared/f8f3/hdl/axi_crossbar_v2_1_vl_rfs.v:4460]
INFO: [Synth 8-6157] synthesizing module 'axi_crossbar_v2_1_29_wdata_router' [f:/PFE/Pcam_base_2023/Pcam_base.gen/sources_1/bd/system/ipshared/f8f3/hdl/axi_crossbar_v2_1_vl_rfs.v:4735]
INFO: [Synth 8-6157] synthesizing module 'axi_data_fifo_v2_1_27_axic_reg_srl_fifo' [f:/PFE/Pcam_base_2023/Pcam_base.gen/sources_1/bd/system/ipshared/fab7/hdl/axi_data_fifo_v2_1_vl_rfs.v:888]
INFO: [Synth 8-155] case statement is not full and has no default [f:/PFE/Pcam_base_2023/Pcam_base.gen/sources_1/bd/system/ipshared/fab7/hdl/axi_data_fifo_v2_1_vl_rfs.v:986]
INFO: [Synth 8-6155] done synthesizing module 'axi_data_fifo_v2_1_27_axic_reg_srl_fifo' (0#1) [f:/PFE/Pcam_base_2023/Pcam_base.gen/sources_1/bd/system/ipshared/fab7/hdl/axi_data_fifo_v2_1_vl_rfs.v:888]
INFO: [Synth 8-6155] done synthesizing module 'axi_crossbar_v2_1_29_wdata_router' (0#1) [f:/PFE/Pcam_base_2023/Pcam_base.gen/sources_1/bd/system/ipshared/f8f3/hdl/axi_crossbar_v2_1_vl_rfs.v:4735]
INFO: [Synth 8-6157] synthesizing module 'axi_crossbar_v2_1_29_si_transactor__parameterized0' [f:/PFE/Pcam_base_2023/Pcam_base.gen/sources_1/bd/system/ipshared/f8f3/hdl/axi_crossbar_v2_1_vl_rfs.v:3799]
INFO: [Synth 8-6155] done synthesizing module 'axi_crossbar_v2_1_29_si_transactor__parameterized0' (0#1) [f:/PFE/Pcam_base_2023/Pcam_base.gen/sources_1/bd/system/ipshared/f8f3/hdl/axi_crossbar_v2_1_vl_rfs.v:3799]
INFO: [Synth 8-6157] synthesizing module 'axi_crossbar_v2_1_29_addr_decoder__parameterized0' [f:/PFE/Pcam_base_2023/Pcam_base.gen/sources_1/bd/system/ipshared/f8f3/hdl/axi_crossbar_v2_1_vl_rfs.v:793]
INFO: [Synth 8-6155] done synthesizing module 'axi_crossbar_v2_1_29_addr_decoder__parameterized0' (0#1) [f:/PFE/Pcam_base_2023/Pcam_base.gen/sources_1/bd/system/ipshared/f8f3/hdl/axi_crossbar_v2_1_vl_rfs.v:793]
INFO: [Synth 8-6157] synthesizing module 'axi_data_fifo_v2_1_27_axic_srl_fifo__parameterized0' [f:/PFE/Pcam_base_2023/Pcam_base.gen/sources_1/bd/system/ipshared/fab7/hdl/axi_data_fifo_v2_1_vl_rfs.v:697]
INFO: [Synth 8-6157] synthesizing module 'axi_data_fifo_v2_1_27_ndeep_srl__parameterized0' [f:/PFE/Pcam_base_2023/Pcam_base.gen/sources_1/bd/system/ipshared/fab7/hdl/axi_data_fifo_v2_1_vl_rfs.v:1134]
INFO: [Synth 8-6155] done synthesizing module 'axi_data_fifo_v2_1_27_ndeep_srl__parameterized0' (0#1) [f:/PFE/Pcam_base_2023/Pcam_base.gen/sources_1/bd/system/ipshared/fab7/hdl/axi_data_fifo_v2_1_vl_rfs.v:1134]
INFO: [Synth 8-6155] done synthesizing module 'axi_data_fifo_v2_1_27_axic_srl_fifo__parameterized0' (0#1) [f:/PFE/Pcam_base_2023/Pcam_base.gen/sources_1/bd/system/ipshared/fab7/hdl/axi_data_fifo_v2_1_vl_rfs.v:697]
INFO: [Synth 8-6157] synthesizing module 'axi_crossbar_v2_1_29_wdata_mux' [f:/PFE/Pcam_base_2023/Pcam_base.gen/sources_1/bd/system/ipshared/f8f3/hdl/axi_crossbar_v2_1_vl_rfs.v:4560]
INFO: [Synth 8-6157] synthesizing module 'axi_data_fifo_v2_1_27_axic_reg_srl_fifo__parameterized0' [f:/PFE/Pcam_base_2023/Pcam_base.gen/sources_1/bd/system/ipshared/fab7/hdl/axi_data_fifo_v2_1_vl_rfs.v:888]
INFO: [Synth 8-155] case statement is not full and has no default [f:/PFE/Pcam_base_2023/Pcam_base.gen/sources_1/bd/system/ipshared/fab7/hdl/axi_data_fifo_v2_1_vl_rfs.v:986]
INFO: [Synth 8-6155] done synthesizing module 'axi_data_fifo_v2_1_27_axic_reg_srl_fifo__parameterized0' (0#1) [f:/PFE/Pcam_base_2023/Pcam_base.gen/sources_1/bd/system/ipshared/fab7/hdl/axi_data_fifo_v2_1_vl_rfs.v:888]
INFO: [Synth 8-6157] synthesizing module 'generic_baseblocks_v2_1_0_mux_enc__parameterized0' [f:/PFE/Pcam_base_2023/Pcam_base.gen/sources_1/bd/system/ipshared/b752/hdl/generic_baseblocks_v2_1_vl_rfs.v:2451]
INFO: [Synth 8-6155] done synthesizing module 'generic_baseblocks_v2_1_0_mux_enc__parameterized0' (0#1) [f:/PFE/Pcam_base_2023/Pcam_base.gen/sources_1/bd/system/ipshared/b752/hdl/generic_baseblocks_v2_1_vl_rfs.v:2451]
INFO: [Synth 8-6155] done synthesizing module 'axi_crossbar_v2_1_29_wdata_mux' (0#1) [f:/PFE/Pcam_base_2023/Pcam_base.gen/sources_1/bd/system/ipshared/f8f3/hdl/axi_crossbar_v2_1_vl_rfs.v:4560]
INFO: [Synth 8-6157] synthesizing module 'axi_register_slice_v2_1_28_axi_register_slice' [f:/PFE/Pcam_base_2023/Pcam_base.gen/sources_1/bd/system/ipshared/87d1/hdl/axi_register_slice_v2_1_vl_rfs.v:3725]
INFO: [Synth 8-6157] synthesizing module 'axi_infrastructure_v1_1_0_axi2vector' [f:/PFE/Pcam_base_2023/Pcam_base.gen/sources_1/bd/system/ipshared/ec67/hdl/axi_infrastructure_v1_1_vl_rfs.v:59]
INFO: [Synth 8-6155] done synthesizing module 'axi_infrastructure_v1_1_0_axi2vector' (0#1) [f:/PFE/Pcam_base_2023/Pcam_base.gen/sources_1/bd/system/ipshared/ec67/hdl/axi_infrastructure_v1_1_vl_rfs.v:59]
INFO: [Synth 8-6157] synthesizing module 'axi_infrastructure_v1_1_0_vector2axi' [f:/PFE/Pcam_base_2023/Pcam_base.gen/sources_1/bd/system/ipshared/ec67/hdl/axi_infrastructure_v1_1_vl_rfs.v:473]
INFO: [Synth 8-6155] done synthesizing module 'axi_infrastructure_v1_1_0_vector2axi' (0#1) [f:/PFE/Pcam_base_2023/Pcam_base.gen/sources_1/bd/system/ipshared/ec67/hdl/axi_infrastructure_v1_1_vl_rfs.v:473]
INFO: [Synth 8-6157] synthesizing module 'axi_register_slice_v2_1_28_axic_register_slice' [f:/PFE/Pcam_base_2023/Pcam_base.gen/sources_1/bd/system/ipshared/87d1/hdl/axi_register_slice_v2_1_vl_rfs.v:1497]
INFO: [Synth 8-6155] done synthesizing module 'axi_register_slice_v2_1_28_axic_register_slice' (0#1) [f:/PFE/Pcam_base_2023/Pcam_base.gen/sources_1/bd/system/ipshared/87d1/hdl/axi_register_slice_v2_1_vl_rfs.v:1497]
INFO: [Synth 8-6157] synthesizing module 'axi_register_slice_v2_1_28_axic_register_slice__parameterized0' [f:/PFE/Pcam_base_2023/Pcam_base.gen/sources_1/bd/system/ipshared/87d1/hdl/axi_register_slice_v2_1_vl_rfs.v:1497]
INFO: [Synth 8-6155] done synthesizing module 'axi_register_slice_v2_1_28_axic_register_slice__parameterized0' (0#1) [f:/PFE/Pcam_base_2023/Pcam_base.gen/sources_1/bd/system/ipshared/87d1/hdl/axi_register_slice_v2_1_vl_rfs.v:1497]
INFO: [Synth 8-6157] synthesizing module 'axi_register_slice_v2_1_28_axic_register_slice__parameterized1' [f:/PFE/Pcam_base_2023/Pcam_base.gen/sources_1/bd/system/ipshared/87d1/hdl/axi_register_slice_v2_1_vl_rfs.v:1497]
INFO: [Synth 8-6155] done synthesizing module 'axi_register_slice_v2_1_28_axic_register_slice__parameterized1' (0#1) [f:/PFE/Pcam_base_2023/Pcam_base.gen/sources_1/bd/system/ipshared/87d1/hdl/axi_register_slice_v2_1_vl_rfs.v:1497]
INFO: [Synth 8-6157] synthesizing module 'axi_register_slice_v2_1_28_axic_register_slice__parameterized2' [f:/PFE/Pcam_base_2023/Pcam_base.gen/sources_1/bd/system/ipshared/87d1/hdl/axi_register_slice_v2_1_vl_rfs.v:1497]
INFO: [Synth 8-6155] done synthesizing module 'axi_register_slice_v2_1_28_axic_register_slice__parameterized2' (0#1) [f:/PFE/Pcam_base_2023/Pcam_base.gen/sources_1/bd/system/ipshared/87d1/hdl/axi_register_slice_v2_1_vl_rfs.v:1497]
INFO: [Synth 8-6155] done synthesizing module 'axi_register_slice_v2_1_28_axi_register_slice' (0#1) [f:/PFE/Pcam_base_2023/Pcam_base.gen/sources_1/bd/system/ipshared/87d1/hdl/axi_register_slice_v2_1_vl_rfs.v:3725]
WARNING: [Synth 8-7071] port 'aclk2x' of module 'axi_register_slice_v2_1_28_axi_register_slice' is unconnected for instance 'reg_slice_mi' [f:/PFE/Pcam_base_2023/Pcam_base.gen/sources_1/bd/system/ipshared/f8f3/hdl/axi_crossbar_v2_1_vl_rfs.v:3122]
WARNING: [Synth 8-7023] instance 'reg_slice_mi' of module 'axi_register_slice_v2_1_28_axi_register_slice' has 93 connections declared, but only 92 given [f:/PFE/Pcam_base_2023/Pcam_base.gen/sources_1/bd/system/ipshared/f8f3/hdl/axi_crossbar_v2_1_vl_rfs.v:3122]
INFO: [Synth 8-6157] synthesizing module 'axi_data_fifo_v2_1_27_axic_srl_fifo__parameterized1' [f:/PFE/Pcam_base_2023/Pcam_base.gen/sources_1/bd/system/ipshared/fab7/hdl/axi_data_fifo_v2_1_vl_rfs.v:697]
INFO: [Synth 8-6155] done synthesizing module 'axi_data_fifo_v2_1_27_axic_srl_fifo__parameterized1' (0#1) [f:/PFE/Pcam_base_2023/Pcam_base.gen/sources_1/bd/system/ipshared/fab7/hdl/axi_data_fifo_v2_1_vl_rfs.v:697]
INFO: [Synth 8-6157] synthesizing module 'axi_crossbar_v2_1_29_wdata_mux__parameterized0' [f:/PFE/Pcam_base_2023/Pcam_base.gen/sources_1/bd/system/ipshared/f8f3/hdl/axi_crossbar_v2_1_vl_rfs.v:4560]
INFO: [Synth 8-6157] synthesizing module 'axi_data_fifo_v2_1_27_axic_reg_srl_fifo__parameterized1' [f:/PFE/Pcam_base_2023/Pcam_base.gen/sources_1/bd/system/ipshared/fab7/hdl/axi_data_fifo_v2_1_vl_rfs.v:888]
INFO: [Synth 8-155] case statement is not full and has no default [f:/PFE/Pcam_base_2023/Pcam_base.gen/sources_1/bd/system/ipshared/fab7/hdl/axi_data_fifo_v2_1_vl_rfs.v:986]
INFO: [Synth 8-6155] done synthesizing module 'axi_data_fifo_v2_1_27_axic_reg_srl_fifo__parameterized1' (0#1) [f:/PFE/Pcam_base_2023/Pcam_base.gen/sources_1/bd/system/ipshared/fab7/hdl/axi_data_fifo_v2_1_vl_rfs.v:888]
INFO: [Synth 8-6155] done synthesizing module 'axi_crossbar_v2_1_29_wdata_mux__parameterized0' (0#1) [f:/PFE/Pcam_base_2023/Pcam_base.gen/sources_1/bd/system/ipshared/f8f3/hdl/axi_crossbar_v2_1_vl_rfs.v:4560]
INFO: [Synth 8-6157] synthesizing module 'axi_register_slice_v2_1_28_axi_register_slice__parameterized0' [f:/PFE/Pcam_base_2023/Pcam_base.gen/sources_1/bd/system/ipshared/87d1/hdl/axi_register_slice_v2_1_vl_rfs.v:3725]
INFO: [Synth 8-6157] synthesizing module 'axi_register_slice_v2_1_28_axic_register_slice__parameterized3' [f:/PFE/Pcam_base_2023/Pcam_base.gen/sources_1/bd/system/ipshared/87d1/hdl/axi_register_slice_v2_1_vl_rfs.v:1497]
INFO: [Synth 8-6155] done synthesizing module 'axi_register_slice_v2_1_28_axic_register_slice__parameterized3' (0#1) [f:/PFE/Pcam_base_2023/Pcam_base.gen/sources_1/bd/system/ipshared/87d1/hdl/axi_register_slice_v2_1_vl_rfs.v:1497]
INFO: [Synth 8-6155] done synthesizing module 'axi_register_slice_v2_1_28_axi_register_slice__parameterized0' (0#1) [f:/PFE/Pcam_base_2023/Pcam_base.gen/sources_1/bd/system/ipshared/87d1/hdl/axi_register_slice_v2_1_vl_rfs.v:3725]
WARNING: [Synth 8-7071] port 'aclk2x' of module 'axi_register_slice_v2_1_28_axi_register_slice' is unconnected for instance 'reg_slice_mi' [f:/PFE/Pcam_base_2023/Pcam_base.gen/sources_1/bd/system/ipshared/f8f3/hdl/axi_crossbar_v2_1_vl_rfs.v:3122]
WARNING: [Synth 8-7023] instance 'reg_slice_mi' of module 'axi_register_slice_v2_1_28_axi_register_slice' has 93 connections declared, but only 92 given [f:/PFE/Pcam_base_2023/Pcam_base.gen/sources_1/bd/system/ipshared/f8f3/hdl/axi_crossbar_v2_1_vl_rfs.v:3122]
INFO: [Synth 8-6157] synthesizing module 'axi_crossbar_v2_1_29_decerr_slave' [f:/PFE/Pcam_base_2023/Pcam_base.gen/sources_1/bd/system/ipshared/f8f3/hdl/axi_crossbar_v2_1_vl_rfs.v:3500]
INFO: [Synth 8-155] case statement is not full and has no default [f:/PFE/Pcam_base_2023/Pcam_base.gen/sources_1/bd/system/ipshared/f8f3/hdl/axi_crossbar_v2_1_vl_rfs.v:3633]
INFO: [Synth 8-6155] done synthesizing module 'axi_crossbar_v2_1_29_decerr_slave' (0#1) [f:/PFE/Pcam_base_2023/Pcam_base.gen/sources_1/bd/system/ipshared/f8f3/hdl/axi_crossbar_v2_1_vl_rfs.v:3500]
INFO: [Synth 8-6157] synthesizing module 'axi_crossbar_v2_1_29_addr_arbiter' [f:/PFE/Pcam_base_2023/Pcam_base.gen/sources_1/bd/system/ipshared/f8f3/hdl/axi_crossbar_v2_1_vl_rfs.v:422]
INFO: [Synth 8-6157] synthesizing module 'generic_baseblocks_v2_1_0_mux_enc__parameterized1' [f:/PFE/Pcam_base_2023/Pcam_base.gen/sources_1/bd/system/ipshared/b752/hdl/generic_baseblocks_v2_1_vl_rfs.v:2451]
INFO: [Synth 8-6155] done synthesizing module 'generic_baseblocks_v2_1_0_mux_enc__parameterized1' (0#1) [f:/PFE/Pcam_base_2023/Pcam_base.gen/sources_1/bd/system/ipshared/b752/hdl/generic_baseblocks_v2_1_vl_rfs.v:2451]
INFO: [Synth 8-6157] synthesizing module 'generic_baseblocks_v2_1_0_mux_enc__parameterized2' [f:/PFE/Pcam_base_2023/Pcam_base.gen/sources_1/bd/system/ipshared/b752/hdl/generic_baseblocks_v2_1_vl_rfs.v:2451]
INFO: [Synth 8-6155] done synthesizing module 'generic_baseblocks_v2_1_0_mux_enc__parameterized2' (0#1) [f:/PFE/Pcam_base_2023/Pcam_base.gen/sources_1/bd/system/ipshared/b752/hdl/generic_baseblocks_v2_1_vl_rfs.v:2451]
INFO: [Synth 8-6155] done synthesizing module 'axi_crossbar_v2_1_29_addr_arbiter' (0#1) [f:/PFE/Pcam_base_2023/Pcam_base.gen/sources_1/bd/system/ipshared/f8f3/hdl/axi_crossbar_v2_1_vl_rfs.v:422]
INFO: [Synth 8-6155] done synthesizing module 'axi_crossbar_v2_1_29_crossbar' (0#1) [f:/PFE/Pcam_base_2023/Pcam_base.gen/sources_1/bd/system/ipshared/f8f3/hdl/axi_crossbar_v2_1_vl_rfs.v:2238]
INFO: [Synth 8-6155] done synthesizing module 'axi_crossbar_v2_1_29_axi_crossbar' (0#1) [f:/PFE/Pcam_base_2023/Pcam_base.gen/sources_1/bd/system/ipshared/f8f3/hdl/axi_crossbar_v2_1_vl_rfs.v:4883]
INFO: [Synth 8-6155] done synthesizing module 'system_xbar_4' (0#1) [f:/PFE/Pcam_base_2023/Pcam_base.gen/sources_1/bd/system/ip/system_xbar_4/synth/system_xbar_4.v:53]
WARNING: [Synth 8-6014] Unused sequential element areset_d1_reg was removed.  [f:/PFE/Pcam_base_2023/Pcam_base.gen/sources_1/bd/system/ipshared/fab7/hdl/axi_data_fifo_v2_1_vl_rfs.v:750]
WARNING: [Synth 8-6014] Unused sequential element S_READY_i_reg was removed.  [f:/PFE/Pcam_base_2023/Pcam_base.gen/sources_1/bd/system/ipshared/fab7/hdl/axi_data_fifo_v2_1_vl_rfs.v:789]
WARNING: [Synth 8-6014] Unused sequential element gen_single_thread.gen_debug_r_single_thread.debug_r_beat_cnt_i_reg was removed.  [f:/PFE/Pcam_base_2023/Pcam_base.gen/sources_1/bd/system/ipshared/f8f3/hdl/axi_crossbar_v2_1_vl_rfs.v:4192]
WARNING: [Synth 8-6014] Unused sequential element gen_single_thread.active_id_reg was removed.  [f:/PFE/Pcam_base_2023/Pcam_base.gen/sources_1/bd/system/ipshared/f8f3/hdl/axi_crossbar_v2_1_vl_rfs.v:4150]
WARNING: [Synth 8-6014] Unused sequential element gen_single_thread.gen_debug_r_single_thread.debug_r_beat_cnt_i_reg was removed.  [f:/PFE/Pcam_base_2023/Pcam_base.gen/sources_1/bd/system/ipshared/f8f3/hdl/axi_crossbar_v2_1_vl_rfs.v:4192]
WARNING: [Synth 8-6014] Unused sequential element gen_single_thread.active_id_reg was removed.  [f:/PFE/Pcam_base_2023/Pcam_base.gen/sources_1/bd/system/ipshared/f8f3/hdl/axi_crossbar_v2_1_vl_rfs.v:4150]
WARNING: [Synth 8-6014] Unused sequential element areset_d1_reg was removed.  [f:/PFE/Pcam_base_2023/Pcam_base.gen/sources_1/bd/system/ipshared/fab7/hdl/axi_data_fifo_v2_1_vl_rfs.v:750]
WARNING: [Synth 8-6014] Unused sequential element S_READY_i_reg was removed.  [f:/PFE/Pcam_base_2023/Pcam_base.gen/sources_1/bd/system/ipshared/fab7/hdl/axi_data_fifo_v2_1_vl_rfs.v:789]
WARNING: [Synth 8-6014] Unused sequential element s_ready_i_reg was removed.  [f:/PFE/Pcam_base_2023/Pcam_base.gen/sources_1/bd/system/ipshared/fab7/hdl/axi_data_fifo_v2_1_vl_rfs.v:1038]
WARNING: [Synth 8-6014] Unused sequential element areset_d1_reg was removed.  [f:/PFE/Pcam_base_2023/Pcam_base.gen/sources_1/bd/system/ipshared/fab7/hdl/axi_data_fifo_v2_1_vl_rfs.v:750]
WARNING: [Synth 8-6014] Unused sequential element S_READY_i_reg was removed.  [f:/PFE/Pcam_base_2023/Pcam_base.gen/sources_1/bd/system/ipshared/fab7/hdl/axi_data_fifo_v2_1_vl_rfs.v:789]
WARNING: [Synth 8-6014] Unused sequential element s_ready_i_reg was removed.  [f:/PFE/Pcam_base_2023/Pcam_base.gen/sources_1/bd/system/ipshared/fab7/hdl/axi_data_fifo_v2_1_vl_rfs.v:1038]
WARNING: [Synth 8-6014] Unused sequential element gen_master_slots[0].gen_mi_write.gen_debug_w.debug_w_beat_cnt_i_reg was removed.  [f:/PFE/Pcam_base_2023/Pcam_base.gen/sources_1/bd/system/ipshared/f8f3/hdl/axi_crossbar_v2_1_vl_rfs.v:2997]
WARNING: [Synth 8-6014] Unused sequential element gen_master_slots[1].gen_mi_write.gen_debug_w.debug_w_beat_cnt_i_reg was removed.  [f:/PFE/Pcam_base_2023/Pcam_base.gen/sources_1/bd/system/ipshared/f8f3/hdl/axi_crossbar_v2_1_vl_rfs.v:2997]
WARNING: [Synth 8-6014] Unused sequential element gen_debug_trans_seq.debug_ar_trans_seq_i_reg was removed.  [f:/PFE/Pcam_base_2023/Pcam_base.gen/sources_1/bd/system/ipshared/f8f3/hdl/axi_crossbar_v2_1_vl_rfs.v:3327]
WARNING: [Synth 8-7129] Port ACLK in module axi_register_slice_v2_1_28_axic_register_slice is either unconnected or has no load
WARNING: [Synth 8-7129] Port ARESET in module axi_register_slice_v2_1_28_axic_register_slice is either unconnected or has no load
WARNING: [Synth 8-7129] Port ACLK in module axi_register_slice_v2_1_28_axic_register_slice__parameterized0 is either unconnected or has no load
WARNING: [Synth 8-7129] Port ARESET in module axi_register_slice_v2_1_28_axic_register_slice__parameterized0 is either unconnected or has no load
WARNING: [Synth 8-7129] Port m_axi_buser[0] in module axi_infrastructure_v1_1_0_vector2axi is either unconnected or has no load
WARNING: [Synth 8-7129] Port m_axi_ruser[0] in module axi_infrastructure_v1_1_0_vector2axi is either unconnected or has no load
WARNING: [Synth 8-7129] Port s_axi_awuser[0] in module axi_infrastructure_v1_1_0_axi2vector is either unconnected or has no load
WARNING: [Synth 8-7129] Port s_axi_wid[0] in module axi_infrastructure_v1_1_0_axi2vector is either unconnected or has no load
WARNING: [Synth 8-7129] Port s_axi_wuser[0] in module axi_infrastructure_v1_1_0_axi2vector is either unconnected or has no load
WARNING: [Synth 8-7129] Port s_axi_aruser[0] in module axi_infrastructure_v1_1_0_axi2vector is either unconnected or has no load
WARNING: [Synth 8-7129] Port aclk2x in module axi_register_slice_v2_1_28_axi_register_slice__parameterized0 is either unconnected or has no load
WARNING: [Synth 8-7129] Port ACLK in module axi_register_slice_v2_1_28_axic_register_slice__parameterized2 is either unconnected or has no load
WARNING: [Synth 8-7129] Port ARESET in module axi_register_slice_v2_1_28_axic_register_slice__parameterized2 is either unconnected or has no load
WARNING: [Synth 8-7129] Port aclk2x in module axi_register_slice_v2_1_28_axi_register_slice is either unconnected or has no load
WARNING: [Synth 8-7129] Port ADDR[1] in module axi_crossbar_v2_1_29_addr_decoder is either unconnected or has no load
WARNING: [Synth 8-7129] Port ADDR[0] in module axi_crossbar_v2_1_29_addr_decoder is either unconnected or has no load
WARNING: [Synth 8-7129] Port S_ABURST[1] in module axi_crossbar_v2_1_29_si_transactor__parameterized0 is either unconnected or has no load
WARNING: [Synth 8-7129] Port S_ABURST[0] in module axi_crossbar_v2_1_29_si_transactor__parameterized0 is either unconnected or has no load
WARNING: [Synth 8-7129] Port S_ABURST[1] in module axi_crossbar_v2_1_29_si_transactor is either unconnected or has no load
WARNING: [Synth 8-7129] Port S_ABURST[0] in module axi_crossbar_v2_1_29_si_transactor is either unconnected or has no load
WARNING: [Synth 8-7129] Port S_AXI_AWID[1] in module axi_crossbar_v2_1_29_crossbar is either unconnected or has no load
WARNING: [Synth 8-7129] Port S_AXI_AWID[0] in module axi_crossbar_v2_1_29_crossbar is either unconnected or has no load
WARNING: [Synth 8-7129] Port S_AXI_WID[1] in module axi_crossbar_v2_1_29_crossbar is either unconnected or has no load
WARNING: [Synth 8-7129] Port S_AXI_WID[0] in module axi_crossbar_v2_1_29_crossbar is either unconnected or has no load
WARNING: [Synth 8-7129] Port S_AXI_ARID[1] in module axi_crossbar_v2_1_29_crossbar is either unconnected or has no load
WARNING: [Synth 8-7129] Port S_AXI_ARID[0] in module axi_crossbar_v2_1_29_crossbar is either unconnected or has no load
WARNING: [Synth 8-7129] Port S_AXI_ARADDR[63] in module axi_crossbar_v2_1_29_crossbar is either unconnected or has no load
WARNING: [Synth 8-7129] Port S_AXI_ARADDR[62] in module axi_crossbar_v2_1_29_crossbar is either unconnected or has no load
WARNING: [Synth 8-7129] Port S_AXI_ARADDR[61] in module axi_crossbar_v2_1_29_crossbar is either unconnected or has no load
WARNING: [Synth 8-7129] Port S_AXI_ARADDR[60] in module axi_crossbar_v2_1_29_crossbar is either unconnected or has no load
WARNING: [Synth 8-7129] Port S_AXI_ARADDR[59] in module axi_crossbar_v2_1_29_crossbar is either unconnected or has no load
WARNING: [Synth 8-7129] Port S_AXI_ARADDR[58] in module axi_crossbar_v2_1_29_crossbar is either unconnected or has no load
WARNING: [Synth 8-7129] Port S_AXI_ARADDR[57] in module axi_crossbar_v2_1_29_crossbar is either unconnected or has no load
WARNING: [Synth 8-7129] Port S_AXI_ARADDR[56] in module axi_crossbar_v2_1_29_crossbar is either unconnected or has no load
WARNING: [Synth 8-7129] Port S_AXI_ARADDR[55] in module axi_crossbar_v2_1_29_crossbar is either unconnected or has no load
WARNING: [Synth 8-7129] Port S_AXI_ARADDR[54] in module axi_crossbar_v2_1_29_crossbar is either unconnected or has no load
WARNING: [Synth 8-7129] Port S_AXI_ARADDR[53] in module axi_crossbar_v2_1_29_crossbar is either unconnected or has no load
WARNING: [Synth 8-7129] Port S_AXI_ARADDR[52] in module axi_crossbar_v2_1_29_crossbar is either unconnected or has no load
WARNING: [Synth 8-7129] Port S_AXI_ARADDR[51] in module axi_crossbar_v2_1_29_crossbar is either unconnected or has no load
WARNING: [Synth 8-7129] Port S_AXI_ARADDR[50] in module axi_crossbar_v2_1_29_crossbar is either unconnected or has no load
WARNING: [Synth 8-7129] Port S_AXI_ARADDR[49] in module axi_crossbar_v2_1_29_crossbar is either unconnected or has no load
WARNING: [Synth 8-7129] Port S_AXI_ARADDR[48] in module axi_crossbar_v2_1_29_crossbar is either unconnected or has no load
WARNING: [Synth 8-7129] Port S_AXI_ARADDR[47] in module axi_crossbar_v2_1_29_crossbar is either unconnected or has no load
WARNING: [Synth 8-7129] Port S_AXI_ARADDR[46] in module axi_crossbar_v2_1_29_crossbar is either unconnected or has no load
WARNING: [Synth 8-7129] Port S_AXI_ARADDR[45] in module axi_crossbar_v2_1_29_crossbar is either unconnected or has no load
WARNING: [Synth 8-7129] Port S_AXI_ARADDR[44] in module axi_crossbar_v2_1_29_crossbar is either unconnected or has no load
WARNING: [Synth 8-7129] Port S_AXI_ARADDR[43] in module axi_crossbar_v2_1_29_crossbar is either unconnected or has no load
WARNING: [Synth 8-7129] Port S_AXI_ARADDR[42] in module axi_crossbar_v2_1_29_crossbar is either unconnected or has no load
WARNING: [Synth 8-7129] Port S_AXI_ARADDR[41] in module axi_crossbar_v2_1_29_crossbar is either unconnected or has no load
WARNING: [Synth 8-7129] Port S_AXI_ARADDR[40] in module axi_crossbar_v2_1_29_crossbar is either unconnected or has no load
WARNING: [Synth 8-7129] Port S_AXI_ARADDR[39] in module axi_crossbar_v2_1_29_crossbar is either unconnected or has no load
WARNING: [Synth 8-7129] Port S_AXI_ARADDR[38] in module axi_crossbar_v2_1_29_crossbar is either unconnected or has no load
WARNING: [Synth 8-7129] Port S_AXI_ARADDR[37] in module axi_crossbar_v2_1_29_crossbar is either unconnected or has no load
WARNING: [Synth 8-7129] Port S_AXI_ARADDR[36] in module axi_crossbar_v2_1_29_crossbar is either unconnected or has no load
WARNING: [Synth 8-7129] Port S_AXI_ARADDR[35] in module axi_crossbar_v2_1_29_crossbar is either unconnected or has no load
WARNING: [Synth 8-7129] Port S_AXI_ARADDR[34] in module axi_crossbar_v2_1_29_crossbar is either unconnected or has no load
WARNING: [Synth 8-7129] Port S_AXI_ARADDR[33] in module axi_crossbar_v2_1_29_crossbar is either unconnected or has no load
WARNING: [Synth 8-7129] Port S_AXI_ARADDR[32] in module axi_crossbar_v2_1_29_crossbar is either unconnected or has no load
WARNING: [Synth 8-7129] Port S_AXI_ARADDR[31] in module axi_crossbar_v2_1_29_crossbar is either unconnected or has no load
WARNING: [Synth 8-7129] Port S_AXI_ARADDR[30] in module axi_crossbar_v2_1_29_crossbar is either unconnected or has no load
WARNING: [Synth 8-7129] Port S_AXI_ARADDR[29] in module axi_crossbar_v2_1_29_crossbar is either unconnected or has no load
WARNING: [Synth 8-7129] Port S_AXI_ARADDR[28] in module axi_crossbar_v2_1_29_crossbar is either unconnected or has no load
WARNING: [Synth 8-7129] Port S_AXI_ARADDR[27] in module axi_crossbar_v2_1_29_crossbar is either unconnected or has no load
WARNING: [Synth 8-7129] Port S_AXI_ARADDR[26] in module axi_crossbar_v2_1_29_crossbar is either unconnected or has no load
WARNING: [Synth 8-7129] Port S_AXI_ARADDR[25] in module axi_crossbar_v2_1_29_crossbar is either unconnected or has no load
WARNING: [Synth 8-7129] Port S_AXI_ARADDR[24] in module axi_crossbar_v2_1_29_crossbar is either unconnected or has no load
WARNING: [Synth 8-7129] Port S_AXI_ARADDR[23] in module axi_crossbar_v2_1_29_crossbar is either unconnected or has no load
WARNING: [Synth 8-7129] Port S_AXI_ARADDR[22] in module axi_crossbar_v2_1_29_crossbar is either unconnected or has no load
WARNING: [Synth 8-7129] Port S_AXI_ARADDR[21] in module axi_crossbar_v2_1_29_crossbar is either unconnected or has no load
WARNING: [Synth 8-7129] Port S_AXI_ARADDR[20] in module axi_crossbar_v2_1_29_crossbar is either unconnected or has no load
WARNING: [Synth 8-7129] Port S_AXI_ARADDR[19] in module axi_crossbar_v2_1_29_crossbar is either unconnected or has no load
WARNING: [Synth 8-7129] Port S_AXI_ARADDR[18] in module axi_crossbar_v2_1_29_crossbar is either unconnected or has no load
WARNING: [Synth 8-7129] Port S_AXI_ARADDR[17] in module axi_crossbar_v2_1_29_crossbar is either unconnected or has no load
WARNING: [Synth 8-7129] Port S_AXI_ARADDR[16] in module axi_crossbar_v2_1_29_crossbar is either unconnected or has no load
WARNING: [Synth 8-7129] Port S_AXI_ARADDR[15] in module axi_crossbar_v2_1_29_crossbar is either unconnected or has no load
WARNING: [Synth 8-7129] Port S_AXI_ARADDR[14] in module axi_crossbar_v2_1_29_crossbar is either unconnected or has no load
WARNING: [Synth 8-7129] Port S_AXI_ARADDR[13] in module axi_crossbar_v2_1_29_crossbar is either unconnected or has no load
WARNING: [Synth 8-7129] Port S_AXI_ARADDR[12] in module axi_crossbar_v2_1_29_crossbar is either unconnected or has no load
WARNING: [Synth 8-7129] Port S_AXI_ARADDR[11] in module axi_crossbar_v2_1_29_crossbar is either unconnected or has no load
WARNING: [Synth 8-7129] Port S_AXI_ARADDR[10] in module axi_crossbar_v2_1_29_crossbar is either unconnected or has no load
WARNING: [Synth 8-7129] Port S_AXI_ARADDR[9] in module axi_crossbar_v2_1_29_crossbar is either unconnected or has no load
WARNING: [Synth 8-7129] Port S_AXI_ARADDR[8] in module axi_crossbar_v2_1_29_crossbar is either unconnected or has no load
WARNING: [Synth 8-7129] Port S_AXI_ARADDR[7] in module axi_crossbar_v2_1_29_crossbar is either unconnected or has no load
WARNING: [Synth 8-7129] Port S_AXI_ARADDR[6] in module axi_crossbar_v2_1_29_crossbar is either unconnected or has no load
WARNING: [Synth 8-7129] Port S_AXI_ARADDR[5] in module axi_crossbar_v2_1_29_crossbar is either unconnected or has no load
WARNING: [Synth 8-7129] Port S_AXI_ARADDR[4] in module axi_crossbar_v2_1_29_crossbar is either unconnected or has no load
WARNING: [Synth 8-7129] Port S_AXI_ARADDR[3] in module axi_crossbar_v2_1_29_crossbar is either unconnected or has no load
WARNING: [Synth 8-7129] Port S_AXI_ARADDR[2] in module axi_crossbar_v2_1_29_crossbar is either unconnected or has no load
WARNING: [Synth 8-7129] Port S_AXI_ARADDR[1] in module axi_crossbar_v2_1_29_crossbar is either unconnected or has no load
WARNING: [Synth 8-7129] Port S_AXI_ARADDR[0] in module axi_crossbar_v2_1_29_crossbar is either unconnected or has no load
WARNING: [Synth 8-7129] Port S_AXI_ARLEN[15] in module axi_crossbar_v2_1_29_crossbar is either unconnected or has no load
WARNING: [Synth 8-7129] Port S_AXI_ARLEN[14] in module axi_crossbar_v2_1_29_crossbar is either unconnected or has no load
WARNING: [Synth 8-7129] Port S_AXI_ARLEN[13] in module axi_crossbar_v2_1_29_crossbar is either unconnected or has no load
WARNING: [Synth 8-7129] Port S_AXI_ARLEN[12] in module axi_crossbar_v2_1_29_crossbar is either unconnected or has no load
WARNING: [Synth 8-7129] Port S_AXI_ARLEN[11] in module axi_crossbar_v2_1_29_crossbar is either unconnected or has no load
WARNING: [Synth 8-7129] Port S_AXI_ARLEN[10] in module axi_crossbar_v2_1_29_crossbar is either unconnected or has no load
WARNING: [Synth 8-7129] Port S_AXI_ARLEN[9] in module axi_crossbar_v2_1_29_crossbar is either unconnected or has no load
WARNING: [Synth 8-7129] Port S_AXI_ARLEN[8] in module axi_crossbar_v2_1_29_crossbar is either unconnected or has no load
WARNING: [Synth 8-7129] Port S_AXI_ARLEN[7] in module axi_crossbar_v2_1_29_crossbar is either unconnected or has no load
WARNING: [Synth 8-7129] Port S_AXI_ARLEN[6] in module axi_crossbar_v2_1_29_crossbar is either unconnected or has no load
INFO: [Common 17-14] Message 'Synth 8-7129' appears 100 times and further instances of the messages will be disabled. Use the Tcl command set_msg_config to change the current settings.
---------------------------------------------------------------------------------
Finished RTL Elaboration : Time (s): cpu = 00:00:32 ; elapsed = 00:00:37 . Memory (MB): peak = 2560.477 ; gain = 645.785
---------------------------------------------------------------------------------
---------------------------------------------------------------------------------
Start Handling Custom Attributes
---------------------------------------------------------------------------------
---------------------------------------------------------------------------------
Finished Handling Custom Attributes : Time (s): cpu = 00:00:33 ; elapsed = 00:00:38 . Memory (MB): peak = 2560.477 ; gain = 645.785
---------------------------------------------------------------------------------
---------------------------------------------------------------------------------
Finished RTL Optimization Phase 1 : Time (s): cpu = 00:00:33 ; elapsed = 00:00:38 . Memory (MB): peak = 2560.477 ; gain = 645.785
---------------------------------------------------------------------------------
Netlist sorting complete. Time (s): cpu = 00:00:00 ; elapsed = 00:00:00.169 . Memory (MB): peak = 2560.477 ; gain = 0.000
INFO: [Project 1-570] Preparing netlist for logic optimization

Processing XDC Constraints
Initializing timing engine
Parsing XDC File [f:/PFE/Pcam_base_2023/Pcam_base.gen/sources_1/bd/system/ip/system_xbar_4/system_xbar_4_ooc.xdc] for cell 'inst'
Finished Parsing XDC File [f:/PFE/Pcam_base_2023/Pcam_base.gen/sources_1/bd/system/ip/system_xbar_4/system_xbar_4_ooc.xdc] for cell 'inst'
Parsing XDC File [F:/PFE/Pcam_base_2023/Pcam_base.runs/system_xbar_4_synth_1/dont_touch.xdc]
Finished Parsing XDC File [F:/PFE/Pcam_base_2023/Pcam_base.runs/system_xbar_4_synth_1/dont_touch.xdc]
Completed Processing XDC Constraints

Netlist sorting complete. Time (s): cpu = 00:00:00 ; elapsed = 00:00:00.002 . Memory (MB): peak = 2655.676 ; gain = 0.000
INFO: [Project 1-111] Unisim Transformation Summary:
No Unisim elements were transformed.

Constraint Validation Runtime : Time (s): cpu = 00:00:00 ; elapsed = 00:00:00.095 . Memory (MB): peak = 2655.703 ; gain = 0.027
INFO: [Designutils 20-5008] Incremental synthesis strategy off
---------------------------------------------------------------------------------
Finished Constraint Validation : Time (s): cpu = 00:00:48 ; elapsed = 00:00:54 . Memory (MB): peak = 2655.703 ; gain = 741.012
---------------------------------------------------------------------------------
---------------------------------------------------------------------------------
Start Loading Part and Timing Information
---------------------------------------------------------------------------------
Loading part: xc7z020clg484-1
---------------------------------------------------------------------------------
Finished Loading Part and Timing Information : Time (s): cpu = 00:00:48 ; elapsed = 00:00:54 . Memory (MB): peak = 2655.703 ; gain = 741.012
---------------------------------------------------------------------------------
---------------------------------------------------------------------------------
Start Applying 'set_property' XDC Constraints
---------------------------------------------------------------------------------
Applied set_property KEEP_HIERARCHY = SOFT for inst. (constraint file  F:/PFE/Pcam_base_2023/Pcam_base.runs/system_xbar_4_synth_1/dont_touch.xdc, line 9).
---------------------------------------------------------------------------------
Finished applying 'set_property' XDC Constraints : Time (s): cpu = 00:00:48 ; elapsed = 00:00:54 . Memory (MB): peak = 2655.703 ; gain = 741.012
---------------------------------------------------------------------------------
INFO: [Synth 8-802] inferred FSM for state register 'state_reg' in module 'axi_data_fifo_v2_1_27_axic_reg_srl_fifo'
INFO: [Synth 8-802] inferred FSM for state register 'state_reg' in module 'axi_data_fifo_v2_1_27_axic_reg_srl_fifo__parameterized0'
INFO: [Synth 8-802] inferred FSM for state register 'state_reg' in module 'axi_data_fifo_v2_1_27_axic_reg_srl_fifo__parameterized1'
INFO: [Synth 8-802] inferred FSM for state register 'gen_axi.write_cs_reg' in module 'axi_crossbar_v2_1_29_decerr_slave'
---------------------------------------------------------------------------------------------------
                   State |                     New Encoding |                Previous Encoding 
---------------------------------------------------------------------------------------------------
                    ZERO |                             1000 |                               10
                     ONE |                             0010 |                               11
                     TWO |                             0001 |                               01
                  iSTATE |                             0100 |                               00
---------------------------------------------------------------------------------------------------
INFO: [Synth 8-3354] encoded FSM with state register 'state_reg' using encoding 'one-hot' in module 'axi_data_fifo_v2_1_27_axic_reg_srl_fifo'
---------------------------------------------------------------------------------------------------
                   State |                     New Encoding |                Previous Encoding 
---------------------------------------------------------------------------------------------------
                    ZERO |                             1000 |                               10
                     ONE |                             0010 |                               11
                     TWO |                             0001 |                               01
                  iSTATE |                             0100 |                               00
---------------------------------------------------------------------------------------------------
INFO: [Synth 8-3354] encoded FSM with state register 'state_reg' using encoding 'one-hot' in module 'axi_data_fifo_v2_1_27_axic_reg_srl_fifo__parameterized0'
---------------------------------------------------------------------------------------------------
                   State |                     New Encoding |                Previous Encoding 
---------------------------------------------------------------------------------------------------
                    ZERO |                             1000 |                               10
                     ONE |                             0010 |                               11
                     TWO |                             0001 |                               01
                  iSTATE |                             0100 |                               00
---------------------------------------------------------------------------------------------------
INFO: [Synth 8-3354] encoded FSM with state register 'state_reg' using encoding 'one-hot' in module 'axi_data_fifo_v2_1_27_axic_reg_srl_fifo__parameterized1'
---------------------------------------------------------------------------------------------------
                   State |                     New Encoding |                Previous Encoding 
---------------------------------------------------------------------------------------------------
            P_WRITE_IDLE |                              001 |                               00
            P_WRITE_DATA |                              010 |                               01
            P_WRITE_RESP |                              100 |                               10
---------------------------------------------------------------------------------------------------
INFO: [Synth 8-3354] encoded FSM with state register 'gen_axi.write_cs_reg' using encoding 'one-hot' in module 'axi_crossbar_v2_1_29_decerr_slave'
---------------------------------------------------------------------------------
Finished RTL Optimization Phase 2 : Time (s): cpu = 00:00:50 ; elapsed = 00:00:55 . Memory (MB): peak = 2655.703 ; gain = 741.012
---------------------------------------------------------------------------------
---------------------------------------------------------------------------------
Start RTL Component Statistics 
---------------------------------------------------------------------------------
Detailed RTL Component Info : 
+---Adders : 
	   2 Input    8 Bit       Adders := 2     
	   2 Input    4 Bit       Adders := 1     
	   2 Input    3 Bit       Adders := 3     
	   2 Input    2 Bit       Adders := 11    
	   2 Input    1 Bit       Adders := 2     
+---XORs : 
	   2 Input      1 Bit         XORs := 8     
+---Registers : 
	               68 Bit    Registers := 2     
	               64 Bit    Registers := 2     
	                8 Bit    Registers := 2     
	                4 Bit    Registers := 2     
	                3 Bit    Registers := 4     
	                2 Bit    Registers := 26    
	                1 Bit    Registers := 41    
+---Muxes : 
	   2 Input   68 Bit        Muxes := 2     
	   2 Input   16 Bit        Muxes := 2     
	   2 Input    8 Bit        Muxes := 1     
	   3 Input    4 Bit        Muxes := 4     
	   2 Input    4 Bit        Muxes := 13    
	   2 Input    3 Bit        Muxes := 1     
	   2 Input    2 Bit        Muxes := 16    
	   2 Input    1 Bit        Muxes := 54    
	   4 Input    1 Bit        Muxes := 12    
	   3 Input    1 Bit        Muxes := 9     
---------------------------------------------------------------------------------
Finished RTL Component Statistics 
---------------------------------------------------------------------------------
---------------------------------------------------------------------------------
Start Part Resource Summary
---------------------------------------------------------------------------------
Part Resources:
DSPs: 220 (col length:60)
BRAMs: 280 (col length: RAMB18 60 RAMB36 30)
---------------------------------------------------------------------------------
Finished Part Resource Summary
---------------------------------------------------------------------------------
---------------------------------------------------------------------------------
Start Cross Boundary and Area Optimization
---------------------------------------------------------------------------------
WARNING: [Synth 8-7080] Parallel synthesis criteria is not met
INFO: [Synth 8-3332] Sequential element (gen_samd.crossbar_samd/gen_slave_slots[0].gen_si_write.wdata_router_w/wrouter_aw_fifo/FSM_onehot_state_reg[2]) is unused and will be removed from module axi_crossbar_v2_1_29_axi_crossbar.
INFO: [Synth 8-3332] Sequential element (gen_samd.crossbar_samd/gen_slave_slots[1].gen_si_write.wdata_router_w/wrouter_aw_fifo/FSM_onehot_state_reg[2]) is unused and will be removed from module axi_crossbar_v2_1_29_axi_crossbar.
INFO: [Synth 8-3332] Sequential element (gen_samd.crossbar_samd/gen_master_slots[0].gen_mi_write.wdata_mux_w/gen_wmux.wmux_aw_fifo/FSM_onehot_state_reg[2]) is unused and will be removed from module axi_crossbar_v2_1_29_axi_crossbar.
INFO: [Synth 8-3332] Sequential element (gen_samd.crossbar_samd/gen_master_slots[1].gen_mi_write.wdata_mux_w/gen_wmux.wmux_aw_fifo/FSM_onehot_state_reg[2]) is unused and will be removed from module axi_crossbar_v2_1_29_axi_crossbar.
---------------------------------------------------------------------------------
Finished Cross Boundary and Area Optimization : Time (s): cpu = 00:00:55 ; elapsed = 00:01:01 . Memory (MB): peak = 2655.703 ; gain = 741.012
---------------------------------------------------------------------------------
---------------------------------------------------------------------------------
Start Applying XDC Timing Constraints
---------------------------------------------------------------------------------
---------------------------------------------------------------------------------
Finished Applying XDC Timing Constraints : Time (s): cpu = 00:01:02 ; elapsed = 00:01:08 . Memory (MB): peak = 2655.703 ; gain = 741.012
---------------------------------------------------------------------------------
---------------------------------------------------------------------------------
Start Timing Optimization
---------------------------------------------------------------------------------
---------------------------------------------------------------------------------
Finished Timing Optimization : Time (s): cpu = 00:01:04 ; elapsed = 00:01:10 . Memory (MB): peak = 2655.703 ; gain = 741.012
---------------------------------------------------------------------------------
---------------------------------------------------------------------------------
Start Technology Mapping
---------------------------------------------------------------------------------
---------------------------------------------------------------------------------
Finished Technology Mapping : Time (s): cpu = 00:01:04 ; elapsed = 00:01:10 . Memory (MB): peak = 2655.703 ; gain = 741.012
---------------------------------------------------------------------------------
---------------------------------------------------------------------------------
Start IO Insertion
---------------------------------------------------------------------------------
---------------------------------------------------------------------------------
Start Flattening Before IO Insertion
---------------------------------------------------------------------------------
---------------------------------------------------------------------------------
Finished Flattening Before IO Insertion
---------------------------------------------------------------------------------
---------------------------------------------------------------------------------
Start Final Netlist Cleanup
---------------------------------------------------------------------------------
---------------------------------------------------------------------------------
Finished Final Netlist Cleanup
---------------------------------------------------------------------------------
---------------------------------------------------------------------------------
Finished IO Insertion : Time (s): cpu = 00:01:11 ; elapsed = 00:01:17 . Memory (MB): peak = 2655.703 ; gain = 741.012
---------------------------------------------------------------------------------
---------------------------------------------------------------------------------
Start Renaming Generated Instances
---------------------------------------------------------------------------------
---------------------------------------------------------------------------------
Finished Renaming Generated Instances : Time (s): cpu = 00:01:11 ; elapsed = 00:01:17 . Memory (MB): peak = 2655.703 ; gain = 741.012
---------------------------------------------------------------------------------
---------------------------------------------------------------------------------
Start Rebuilding User Hierarchy
---------------------------------------------------------------------------------
---------------------------------------------------------------------------------
Finished Rebuilding User Hierarchy : Time (s): cpu = 00:01:11 ; elapsed = 00:01:17 . Memory (MB): peak = 2655.703 ; gain = 741.012
---------------------------------------------------------------------------------
---------------------------------------------------------------------------------
Start Renaming Generated Ports
---------------------------------------------------------------------------------
---------------------------------------------------------------------------------
Finished Renaming Generated Ports : Time (s): cpu = 00:01:11 ; elapsed = 00:01:17 . Memory (MB): peak = 2655.703 ; gain = 741.012
---------------------------------------------------------------------------------
---------------------------------------------------------------------------------
Start Handling Custom Attributes
---------------------------------------------------------------------------------
---------------------------------------------------------------------------------
Finished Handling Custom Attributes : Time (s): cpu = 00:01:11 ; elapsed = 00:01:17 . Memory (MB): peak = 2655.703 ; gain = 741.012
---------------------------------------------------------------------------------
---------------------------------------------------------------------------------
Start Renaming Generated Nets
---------------------------------------------------------------------------------
---------------------------------------------------------------------------------
Finished Renaming Generated Nets : Time (s): cpu = 00:01:11 ; elapsed = 00:01:17 . Memory (MB): peak = 2655.703 ; gain = 741.012
---------------------------------------------------------------------------------
---------------------------------------------------------------------------------
Start Writing Synthesis Report
---------------------------------------------------------------------------------

Report BlackBoxes: 
+-+--------------+----------+
| |BlackBox name |Instances |
+-+--------------+----------+
+-+--------------+----------+

Report Cell Usage: 
+------+--------+------+
|      |Cell    |Count |
+------+--------+------+
|1     |LUT1    |     2|
|2     |LUT2    |     9|
|3     |LUT3    |   162|
|4     |LUT4    |    28|
|5     |LUT5    |    43|
|6     |LUT6    |    51|
|7     |SRLC32E |     4|
|8     |FDRE    |   124|
|9     |FDSE    |    16|
+------+--------+------+
---------------------------------------------------------------------------------
Finished Writing Synthesis Report : Time (s): cpu = 00:01:11 ; elapsed = 00:01:17 . Memory (MB): peak = 2655.703 ; gain = 741.012
---------------------------------------------------------------------------------
Synthesis finished with 0 errors, 0 critical warnings and 413 warnings.
Synthesis Optimization Runtime : Time (s): cpu = 00:00:34 ; elapsed = 00:01:12 . Memory (MB): peak = 2655.703 ; gain = 645.785
Synthesis Optimization Complete : Time (s): cpu = 00:01:11 ; elapsed = 00:01:17 . Memory (MB): peak = 2655.703 ; gain = 741.012
INFO: [Project 1-571] Translating synthesized netlist
Netlist sorting complete. Time (s): cpu = 00:00:00 ; elapsed = 00:00:00.027 . Memory (MB): peak = 2655.703 ; gain = 0.000
INFO: [Project 1-570] Preparing netlist for logic optimization
INFO: [Opt 31-138] Pushed 0 inverter(s) to 0 load pin(s).
Netlist sorting complete. Time (s): cpu = 00:00:00 ; elapsed = 00:00:00 . Memory (MB): peak = 2655.703 ; gain = 0.000
INFO: [Project 1-111] Unisim Transformation Summary:
No Unisim elements were transformed.

Synth Design complete | Checksum: b418af29
INFO: [Common 17-83] Releasing license: Synthesis
109 Infos, 120 Warnings, 0 Critical Warnings and 0 Errors encountered.
synth_design completed successfully
synth_design: Time (s): cpu = 00:01:20 ; elapsed = 00:01:29 . Memory (MB): peak = 2655.703 ; gain = 1149.922
INFO: [Common 17-1381] The checkpoint 'F:/PFE/Pcam_base_2023/Pcam_base.runs/system_xbar_4_synth_1/system_xbar_4.dcp' has been generated.
INFO: [Coretcl 2-1648] Added synthesis output to IP cache for IP system_xbar_4, cache-ID = 9c94079547d397ec
INFO: [Coretcl 2-1174] Renamed 25 cell refs.
INFO: [Common 17-1381] The checkpoint 'F:/PFE/Pcam_base_2023/Pcam_base.runs/system_xbar_4_synth_1/system_xbar_4.dcp' has been generated.
INFO: [runtcl-4] Executing : report_utilization -file system_xbar_4_utilization_synth.rpt -pb system_xbar_4_utilization_synth.pb
INFO: [Common 17-206] Exiting Vivado at Thu Dec 14 15:39:47 2023...
