

================================================================
== Vivado HLS Report for 'incrust_score'
================================================================
* Date:           Thu Dec 21 16:19:47 2023

* Version:        2019.2 (Build 2704478 on Wed Nov 06 22:10:23 MST 2019)
* Project:        incrust_score
* Solution:       solution1
* Product family: zynq
* Target device:  xc7z020-clg484-1


================================================================
== Performance Estimates
================================================================
+ Timing: 
    * Summary: 
    +--------+----------+----------+------------+
    |  Clock |  Target  | Estimated| Uncertainty|
    +--------+----------+----------+------------+
    |ap_clk  | 10.00 ns | 8.510 ns |   1.25 ns  |
    +--------+----------+----------+------------+

+ Latency: 
    * Summary: 
    +---------+---------+----------+----------+-----+-----+---------+
    |  Latency (cycles) |  Latency (absolute) |  Interval | Pipeline|
    |   min   |   max   |    min   |    max   | min | max |   Type  |
    +---------+---------+----------+----------+-----+-----+---------+
    |        ?|        ?|         ?|         ?|    ?|    ?|   none  |
    +---------+---------+----------+----------+-----+-----+---------+

    + Detail: 
        * Instance: 
        N/A

        * Loop: 
        +----------+---------+---------+----------+-----------+-----------+------+----------+
        |          |  Latency (cycles) | Iteration|  Initiation Interval  | Trip |          |
        | Loop Name|   min   |   max   |  Latency |  achieved |   target  | Count| Pipelined|
        +----------+---------+---------+----------+-----------+-----------+------+----------+
        |- Loop 1  |        ?|        ?|         3|          1|          1|     ?|    yes   |
        +----------+---------+---------+----------+-----------+-----------+------+----------+

============================================================
+ Verbose Summary: Synthesis Manager
============================================================
InlineROM: 1
ExposeGlobal: 0
============================================================
+ Verbose Summary: CDFG Model
============================================================
IsTopModel: 1
ResetActiveHigh: 1
IsCombinational: 0
IsDatapathOnly: 0
HasWiredReturn: 1
HasMFsm: 0
HasVarLatency: 1
IsPipeline: 0
IsRtlPipelined: 0
IsInstanceOverlapped: 0
IsDontTouch: 0
HasImplIP: 0
IsGatedGlobalClock: 0

+ Individual pipeline summary: 
  * Pipeline-0: initiation interval (II) = 1, depth = 3


============================================================
+ Verbose Summary: Schedule
============================================================
* Number of FSM states : 5
* Pipeline : 1
  Pipeline-0 : II = 1, D = 3, States = { 2 3 4 }
* Dataflow Pipeline: 0

* FSM state transitions: 
1 --> 2 
2 --> 5 3 
3 --> 4 
4 --> 2 
5 --> 

* FSM state operations: 

State 1 <SV = 0> <Delay = 8.51>
ST_1 : Operation 6 [1/1] (0.00ns)   --->   "call void (...)* @_ssdm_op_SpecBitsMap(i24* %s_axis_video_V_data_V), !map !45"   --->   Operation 6 'specbitsmap' <Predicate = true> <Delay = 0.00>
ST_1 : Operation 7 [1/1] (0.00ns)   --->   "call void (...)* @_ssdm_op_SpecBitsMap(i3* %s_axis_video_V_keep_V), !map !49"   --->   Operation 7 'specbitsmap' <Predicate = true> <Delay = 0.00>
ST_1 : Operation 8 [1/1] (0.00ns)   --->   "call void (...)* @_ssdm_op_SpecBitsMap(i3* %s_axis_video_V_strb_V), !map !53"   --->   Operation 8 'specbitsmap' <Predicate = true> <Delay = 0.00>
ST_1 : Operation 9 [1/1] (0.00ns)   --->   "call void (...)* @_ssdm_op_SpecBitsMap(i1* %s_axis_video_V_user_V), !map !57"   --->   Operation 9 'specbitsmap' <Predicate = true> <Delay = 0.00>
ST_1 : Operation 10 [1/1] (0.00ns)   --->   "call void (...)* @_ssdm_op_SpecBitsMap(i1* %s_axis_video_V_last_V), !map !61"   --->   Operation 10 'specbitsmap' <Predicate = true> <Delay = 0.00>
ST_1 : Operation 11 [1/1] (0.00ns)   --->   "call void (...)* @_ssdm_op_SpecBitsMap(i1* %s_axis_video_V_id_V), !map !65"   --->   Operation 11 'specbitsmap' <Predicate = true> <Delay = 0.00>
ST_1 : Operation 12 [1/1] (0.00ns)   --->   "call void (...)* @_ssdm_op_SpecBitsMap(i1* %s_axis_video_V_dest_V), !map !69"   --->   Operation 12 'specbitsmap' <Predicate = true> <Delay = 0.00>
ST_1 : Operation 13 [1/1] (0.00ns)   --->   "call void (...)* @_ssdm_op_SpecBitsMap(i24* %m_axis_video_V_data_V), !map !73"   --->   Operation 13 'specbitsmap' <Predicate = true> <Delay = 0.00>
ST_1 : Operation 14 [1/1] (0.00ns)   --->   "call void (...)* @_ssdm_op_SpecBitsMap(i3* %m_axis_video_V_keep_V), !map !77"   --->   Operation 14 'specbitsmap' <Predicate = true> <Delay = 0.00>
ST_1 : Operation 15 [1/1] (0.00ns)   --->   "call void (...)* @_ssdm_op_SpecBitsMap(i3* %m_axis_video_V_strb_V), !map !81"   --->   Operation 15 'specbitsmap' <Predicate = true> <Delay = 0.00>
ST_1 : Operation 16 [1/1] (0.00ns)   --->   "call void (...)* @_ssdm_op_SpecBitsMap(i1* %m_axis_video_V_user_V), !map !85"   --->   Operation 16 'specbitsmap' <Predicate = true> <Delay = 0.00>
ST_1 : Operation 17 [1/1] (0.00ns)   --->   "call void (...)* @_ssdm_op_SpecBitsMap(i1* %m_axis_video_V_last_V), !map !89"   --->   Operation 17 'specbitsmap' <Predicate = true> <Delay = 0.00>
ST_1 : Operation 18 [1/1] (0.00ns)   --->   "call void (...)* @_ssdm_op_SpecBitsMap(i1* %m_axis_video_V_id_V), !map !93"   --->   Operation 18 'specbitsmap' <Predicate = true> <Delay = 0.00>
ST_1 : Operation 19 [1/1] (0.00ns)   --->   "call void (...)* @_ssdm_op_SpecBitsMap(i1* %m_axis_video_V_dest_V), !map !97"   --->   Operation 19 'specbitsmap' <Predicate = true> <Delay = 0.00>
ST_1 : Operation 20 [1/1] (0.00ns)   --->   "call void (...)* @_ssdm_op_SpecBitsMap(i32 %hsize_in), !map !101"   --->   Operation 20 'specbitsmap' <Predicate = true> <Delay = 0.00>
ST_1 : Operation 21 [1/1] (0.00ns)   --->   "call void (...)* @_ssdm_op_SpecBitsMap(i32 %vsize_in), !map !107"   --->   Operation 21 'specbitsmap' <Predicate = true> <Delay = 0.00>
ST_1 : Operation 22 [1/1] (0.00ns)   --->   "call void (...)* @_ssdm_op_SpecBitsMap(i32 %start_x), !map !111"   --->   Operation 22 'specbitsmap' <Predicate = true> <Delay = 0.00>
ST_1 : Operation 23 [1/1] (0.00ns)   --->   "call void (...)* @_ssdm_op_SpecBitsMap(i32 %start_y), !map !115"   --->   Operation 23 'specbitsmap' <Predicate = true> <Delay = 0.00>
ST_1 : Operation 24 [1/1] (0.00ns)   --->   "call void (...)* @_ssdm_op_SpecBitsMap(i32 %mode), !map !119"   --->   Operation 24 'specbitsmap' <Predicate = true> <Delay = 0.00>
ST_1 : Operation 25 [1/1] (0.00ns)   --->   "call void (...)* @_ssdm_op_SpecTopModule([14 x i8]* @incrust_score_str) nounwind"   --->   Operation 25 'spectopmodule' <Predicate = true> <Delay = 0.00>
ST_1 : Operation 26 [1/1] (1.00ns)   --->   "%mode_read = call i32 @_ssdm_op_Read.s_axilite.i32(i32 %mode)"   --->   Operation 26 'read' 'mode_read' <Predicate = true> <Delay = 1.00> <Core = "s_axilite">   --->   Core 10 's_axilite' <Latency = 0> <II = 1> <Delay = 1.00> <Adapter> <Opcode : 'read' 'write'>
ST_1 : Operation 27 [1/1] (1.00ns)   --->   "%start_y_read = call i32 @_ssdm_op_Read.s_axilite.i32(i32 %start_y)"   --->   Operation 27 'read' 'start_y_read' <Predicate = true> <Delay = 1.00> <Core = "s_axilite">   --->   Core 10 's_axilite' <Latency = 0> <II = 1> <Delay = 1.00> <Adapter> <Opcode : 'read' 'write'>
ST_1 : Operation 28 [1/1] (1.00ns)   --->   "%start_x_read = call i32 @_ssdm_op_Read.s_axilite.i32(i32 %start_x)"   --->   Operation 28 'read' 'start_x_read' <Predicate = true> <Delay = 1.00> <Core = "s_axilite">   --->   Core 10 's_axilite' <Latency = 0> <II = 1> <Delay = 1.00> <Adapter> <Opcode : 'read' 'write'>
ST_1 : Operation 29 [1/1] (0.00ns)   --->   "%vsize_in_read = call i32 @_ssdm_op_Read.ap_auto.i32(i32 %vsize_in)"   --->   Operation 29 'read' 'vsize_in_read' <Predicate = true> <Delay = 0.00>
ST_1 : Operation 30 [1/1] (0.00ns)   --->   "%hsize_in_read = call i32 @_ssdm_op_Read.ap_auto.i32(i32 %hsize_in)"   --->   Operation 30 'read' 'hsize_in_read' <Predicate = true> <Delay = 0.00>
ST_1 : Operation 31 [1/1] (0.00ns)   --->   "call void (...)* @_ssdm_op_SpecInterface(i32 0, [13 x i8]* @p_str, i32 0, i32 0, [1 x i8]* @p_str5, i32 0, i32 0, [1 x i8]* @p_str5, [1 x i8]* @p_str5, [1 x i8]* @p_str5, i32 0, i32 0, i32 0, i32 0, [1 x i8]* @p_str5, [1 x i8]* @p_str5) nounwind" [incrust_score/incrust_score.cpp:15]   --->   Operation 31 'specinterface' <Predicate = true> <Delay = 0.00>
ST_1 : Operation 32 [1/1] (0.00ns)   --->   "call void (...)* @_ssdm_op_SpecInterface(i24* %s_axis_video_V_data_V, i3* %s_axis_video_V_keep_V, i3* %s_axis_video_V_strb_V, i1* %s_axis_video_V_user_V, i1* %s_axis_video_V_last_V, i1* %s_axis_video_V_id_V, i1* %s_axis_video_V_dest_V, [5 x i8]* @p_str6, i32 1, i32 1, [5 x i8]* @p_str7, i32 0, i32 0, [1 x i8]* @p_str5, [1 x i8]* @p_str5, [1 x i8]* @p_str5, i32 0, i32 0, i32 0, i32 0, [1 x i8]* @p_str5, [1 x i8]* @p_str5) nounwind" [incrust_score/incrust_score.cpp:15]   --->   Operation 32 'specinterface' <Predicate = true> <Delay = 0.00>
ST_1 : Operation 33 [1/1] (0.00ns)   --->   "call void (...)* @_ssdm_op_SpecInterface(i24* %m_axis_video_V_data_V, i3* %m_axis_video_V_keep_V, i3* %m_axis_video_V_strb_V, i1* %m_axis_video_V_user_V, i1* %m_axis_video_V_last_V, i1* %m_axis_video_V_id_V, i1* %m_axis_video_V_dest_V, [5 x i8]* @p_str6, i32 1, i32 1, [5 x i8]* @p_str7, i32 0, i32 0, [1 x i8]* @p_str5, [1 x i8]* @p_str5, [1 x i8]* @p_str5, i32 0, i32 0, i32 0, i32 0, [1 x i8]* @p_str5, [1 x i8]* @p_str5) nounwind" [incrust_score/incrust_score.cpp:16]   --->   Operation 33 'specinterface' <Predicate = true> <Delay = 0.00>
ST_1 : Operation 34 [1/1] (0.00ns)   --->   "call void (...)* @_ssdm_op_SpecInterface(i32 %start_x, [10 x i8]* @p_str8, i32 0, i32 0, [1 x i8]* @p_str5, i32 0, i32 0, [1 x i8]* @p_str5, [1 x i8]* @p_str5, [1 x i8]* @p_str5, i32 0, i32 0, i32 0, i32 0, [1 x i8]* @p_str5, [1 x i8]* @p_str5) nounwind" [incrust_score/incrust_score.cpp:17]   --->   Operation 34 'specinterface' <Predicate = true> <Delay = 0.00>
ST_1 : Operation 35 [1/1] (0.00ns)   --->   "call void (...)* @_ssdm_op_SpecInterface(i32 %start_y, [10 x i8]* @p_str8, i32 0, i32 0, [1 x i8]* @p_str5, i32 0, i32 0, [1 x i8]* @p_str5, [1 x i8]* @p_str5, [1 x i8]* @p_str5, i32 0, i32 0, i32 0, i32 0, [1 x i8]* @p_str5, [1 x i8]* @p_str5) nounwind" [incrust_score/incrust_score.cpp:18]   --->   Operation 35 'specinterface' <Predicate = true> <Delay = 0.00>
ST_1 : Operation 36 [1/1] (0.00ns)   --->   "call void (...)* @_ssdm_op_SpecInterface(i32 %mode, [10 x i8]* @p_str8, i32 0, i32 0, [1 x i8]* @p_str5, i32 0, i32 0, [1 x i8]* @p_str5, [1 x i8]* @p_str5, [1 x i8]* @p_str5, i32 0, i32 0, i32 0, i32 0, [1 x i8]* @p_str5, [1 x i8]* @p_str5) nounwind" [incrust_score/incrust_score.cpp:19]   --->   Operation 36 'specinterface' <Predicate = true> <Delay = 0.00>
ST_1 : Operation 37 [1/1] (2.55ns)   --->   "%add_ln31 = add nsw i32 %start_x_read, 50" [incrust_score/incrust_score.cpp:31]   --->   Operation 37 'add' 'add_ln31' <Predicate = true> <Delay = 2.55> <Core = "AddSub">   --->   Core 14 'AddSub' <Latency = 0> <II = 1> <Delay = 2.55> <FuncUnit> <Opcode : 'add' 'sub'> <InPorts = 2> <OutPorts = 1>
ST_1 : Operation 38 [1/1] (2.55ns)   --->   "%add_ln31_1 = add nsw i32 %start_y_read, 50" [incrust_score/incrust_score.cpp:31]   --->   Operation 38 'add' 'add_ln31_1' <Predicate = true> <Delay = 2.55> <Core = "AddSub">   --->   Core 14 'AddSub' <Latency = 0> <II = 1> <Delay = 2.55> <FuncUnit> <Opcode : 'add' 'sub'> <InPorts = 2> <OutPorts = 1>
ST_1 : Operation 39 [1/1] (2.47ns)   --->   "%icmp_ln32 = icmp eq i32 %mode_read, 1" [incrust_score/incrust_score.cpp:32]   --->   Operation 39 'icmp' 'icmp_ln32' <Predicate = true> <Delay = 2.47> <Core = "Cmp">   --->   Core 25 'Cmp' <Latency = 0> <II = 1> <Delay = 2.47> <FuncUnit> <Opcode : 'icmp'> <InPorts = 2> <OutPorts = 1>
ST_1 : Operation 40 [1/1] (2.47ns)   --->   "%icmp_ln35 = icmp eq i32 %mode_read, 2" [incrust_score/incrust_score.cpp:35]   --->   Operation 40 'icmp' 'icmp_ln35' <Predicate = true> <Delay = 2.47> <Core = "Cmp">   --->   Core 25 'Cmp' <Latency = 0> <II = 1> <Delay = 2.47> <FuncUnit> <Opcode : 'icmp'> <InPorts = 2> <OutPorts = 1>
ST_1 : Operation 41 [1/1] (2.47ns)   --->   "%icmp_ln38 = icmp eq i32 %mode_read, 3" [incrust_score/incrust_score.cpp:38]   --->   Operation 41 'icmp' 'icmp_ln38' <Predicate = true> <Delay = 2.47> <Core = "Cmp">   --->   Core 25 'Cmp' <Latency = 0> <II = 1> <Delay = 2.47> <FuncUnit> <Opcode : 'icmp'> <InPorts = 2> <OutPorts = 1>
ST_1 : Operation 42 [1/1] (0.00ns) (grouped into LUT with out node and_ln35)   --->   "%xor_ln32 = xor i1 %icmp_ln32, true" [incrust_score/incrust_score.cpp:32]   --->   Operation 42 'xor' 'xor_ln32' <Predicate = true> <Delay = 0.00> <Core = "LogicGate">   --->   Core 27 'LogicGate' <Latency = 0> <II = 1> <Delay = 0.97> <FuncUnit> <Opcode : 'and' 'or' 'xor'> <InPorts = 2> <OutPorts = 1>
ST_1 : Operation 43 [1/1] (0.97ns) (out node of the LUT)   --->   "%and_ln35 = and i1 %icmp_ln35, %xor_ln32" [incrust_score/incrust_score.cpp:35]   --->   Operation 43 'and' 'and_ln35' <Predicate = true> <Delay = 0.97> <Core = "LogicGate">   --->   Core 27 'LogicGate' <Latency = 0> <II = 1> <Delay = 0.97> <FuncUnit> <Opcode : 'and' 'or' 'xor'> <InPorts = 2> <OutPorts = 1>
ST_1 : Operation 44 [1/1] (0.00ns) (grouped into LUT with out node and_ln38)   --->   "%or_ln35 = or i1 %icmp_ln32, %icmp_ln35" [incrust_score/incrust_score.cpp:35]   --->   Operation 44 'or' 'or_ln35' <Predicate = true> <Delay = 0.00> <Core = "LogicGate">   --->   Core 27 'LogicGate' <Latency = 0> <II = 1> <Delay = 0.97> <FuncUnit> <Opcode : 'and' 'or' 'xor'> <InPorts = 2> <OutPorts = 1>
ST_1 : Operation 45 [1/1] (0.00ns) (grouped into LUT with out node and_ln38)   --->   "%xor_ln35 = xor i1 %or_ln35, true" [incrust_score/incrust_score.cpp:35]   --->   Operation 45 'xor' 'xor_ln35' <Predicate = true> <Delay = 0.00> <Core = "LogicGate">   --->   Core 27 'LogicGate' <Latency = 0> <II = 1> <Delay = 0.97> <FuncUnit> <Opcode : 'and' 'or' 'xor'> <InPorts = 2> <OutPorts = 1>
ST_1 : Operation 46 [1/1] (0.97ns) (out node of the LUT)   --->   "%and_ln38 = and i1 %icmp_ln38, %xor_ln35" [incrust_score/incrust_score.cpp:38]   --->   Operation 46 'and' 'and_ln38' <Predicate = true> <Delay = 0.97> <Core = "LogicGate">   --->   Core 27 'LogicGate' <Latency = 0> <II = 1> <Delay = 0.97> <FuncUnit> <Opcode : 'and' 'or' 'xor'> <InPorts = 2> <OutPorts = 1>
ST_1 : Operation 47 [1/1] (0.00ns)   --->   "%cast = zext i32 %vsize_in_read to i64"   --->   Operation 47 'zext' 'cast' <Predicate = true> <Delay = 0.00>
ST_1 : Operation 48 [1/1] (0.00ns)   --->   "%cast1 = zext i32 %hsize_in_read to i64"   --->   Operation 48 'zext' 'cast1' <Predicate = true> <Delay = 0.00>
ST_1 : Operation 49 [1/1] (8.51ns)   --->   "%bound = mul i64 %cast1, %cast"   --->   Operation 49 'mul' 'bound' <Predicate = true> <Delay = 8.51> <Core = "Mul">   --->   Core 16 'Mul' <Latency = 0> <II = 1> <Delay = 8.51> <FuncUnit> <Opcode : 'mul'> <InPorts = 2> <OutPorts = 1>
ST_1 : Operation 50 [1/1] (1.76ns)   --->   "br label %1" [incrust_score/incrust_score.cpp:23]   --->   Operation 50 'br' <Predicate = true> <Delay = 1.76>

State 2 <SV = 1> <Delay = 8.36>
ST_2 : Operation 51 [1/1] (0.00ns)   --->   "%indvar_flatten = phi i64 [ 0, %0 ], [ %add_ln23, %.reset ]" [incrust_score/incrust_score.cpp:23]   --->   Operation 51 'phi' 'indvar_flatten' <Predicate = true> <Delay = 0.00>
ST_2 : Operation 52 [1/1] (0.00ns)   --->   "%i_0 = phi i31 [ 0, %0 ], [ %select_ln23_3, %.reset ]" [incrust_score/incrust_score.cpp:23]   --->   Operation 52 'phi' 'i_0' <Predicate = true> <Delay = 0.00>
ST_2 : Operation 53 [1/1] (0.00ns)   --->   "%pixel_1 = phi i32 [ 0, %0 ], [ %pixel_2, %.reset ]"   --->   Operation 53 'phi' 'pixel_1' <Predicate = true> <Delay = 0.00>
ST_2 : Operation 54 [1/1] (0.00ns)   --->   "%j_0 = phi i31 [ 0, %0 ], [ %j, %.reset ]"   --->   Operation 54 'phi' 'j_0' <Predicate = true> <Delay = 0.00>
ST_2 : Operation 55 [1/1] (0.00ns)   --->   "%zext_ln23_1 = zext i31 %i_0 to i32" [incrust_score/incrust_score.cpp:23]   --->   Operation 55 'zext' 'zext_ln23_1' <Predicate = true> <Delay = 0.00>
ST_2 : Operation 56 [1/1] (0.00ns)   --->   "call void (...)* @_ssdm_op_SpecPipeline(i32 -1, i32 1, i32 1, i32 0, [1 x i8]* @p_str5) nounwind" [incrust_score/incrust_score.cpp:25]   --->   Operation 56 'specpipeline' <Predicate = true> <Delay = 0.00>
ST_2 : Operation 57 [1/1] (2.47ns)   --->   "%icmp_ln31 = icmp slt i32 %zext_ln23_1, %start_y_read" [incrust_score/incrust_score.cpp:31]   --->   Operation 57 'icmp' 'icmp_ln31' <Predicate = true> <Delay = 2.47> <Core = "Cmp">   --->   Core 25 'Cmp' <Latency = 0> <II = 1> <Delay = 2.47> <FuncUnit> <Opcode : 'icmp'> <InPorts = 2> <OutPorts = 1>
ST_2 : Operation 58 [1/1] (2.47ns)   --->   "%icmp_ln31_1 = icmp slt i32 %zext_ln23_1, %add_ln31_1" [incrust_score/incrust_score.cpp:31]   --->   Operation 58 'icmp' 'icmp_ln31_1' <Predicate = true> <Delay = 2.47> <Core = "Cmp">   --->   Core 25 'Cmp' <Latency = 0> <II = 1> <Delay = 2.47> <FuncUnit> <Opcode : 'icmp'> <InPorts = 2> <OutPorts = 1>
ST_2 : Operation 59 [1/1] (0.00ns)   --->   "%zext_ln26 = zext i31 %j_0 to i32" [incrust_score/incrust_score.cpp:26]   --->   Operation 59 'zext' 'zext_ln26' <Predicate = true> <Delay = 0.00>
ST_2 : Operation 60 [1/1] (2.47ns)   --->   "%icmp_ln26 = icmp slt i32 %zext_ln26, %hsize_in_read" [incrust_score/incrust_score.cpp:26]   --->   Operation 60 'icmp' 'icmp_ln26' <Predicate = true> <Delay = 2.47> <Core = "Cmp">   --->   Core 25 'Cmp' <Latency = 0> <II = 1> <Delay = 2.47> <FuncUnit> <Opcode : 'icmp'> <InPorts = 2> <OutPorts = 1>
ST_2 : Operation 61 [1/1] (2.77ns)   --->   "%icmp_ln23 = icmp eq i64 %indvar_flatten, %bound" [incrust_score/incrust_score.cpp:23]   --->   Operation 61 'icmp' 'icmp_ln23' <Predicate = true> <Delay = 2.77> <Core = "Cmp">   --->   Core 25 'Cmp' <Latency = 0> <II = 1> <Delay = 2.47> <FuncUnit> <Opcode : 'icmp'> <InPorts = 2> <OutPorts = 1>
ST_2 : Operation 62 [1/1] (3.52ns)   --->   "%add_ln23 = add i64 %indvar_flatten, 1" [incrust_score/incrust_score.cpp:23]   --->   Operation 62 'add' 'add_ln23' <Predicate = true> <Delay = 3.52> <Core = "AddSub">   --->   Core 14 'AddSub' <Latency = 0> <II = 1> <Delay = 2.55> <FuncUnit> <Opcode : 'add' 'sub'> <InPorts = 2> <OutPorts = 1>
ST_2 : Operation 63 [1/1] (0.00ns)   --->   "br i1 %icmp_ln23, label %2, label %.reset" [incrust_score/incrust_score.cpp:23]   --->   Operation 63 'br' <Predicate = true> <Delay = 0.00>
ST_2 : Operation 64 [1/1] (2.52ns)   --->   "%add_ln23_1 = add i31 %i_0, 1" [incrust_score/incrust_score.cpp:23]   --->   Operation 64 'add' 'add_ln23_1' <Predicate = (!icmp_ln23)> <Delay = 2.52> <Core = "AddSub">   --->   Core 14 'AddSub' <Latency = 0> <II = 1> <Delay = 2.55> <FuncUnit> <Opcode : 'add' 'sub'> <InPorts = 2> <OutPorts = 1>
ST_2 : Operation 65 [1/1] (0.00ns)   --->   "%zext_ln23 = zext i31 %add_ln23_1 to i32" [incrust_score/incrust_score.cpp:23]   --->   Operation 65 'zext' 'zext_ln23' <Predicate = (!icmp_ln23)> <Delay = 0.00>
ST_2 : Operation 66 [1/1] (2.47ns)   --->   "%icmp_ln31_3 = icmp slt i32 %zext_ln23, %start_y_read" [incrust_score/incrust_score.cpp:31]   --->   Operation 66 'icmp' 'icmp_ln31_3' <Predicate = (!icmp_ln23)> <Delay = 2.47> <Core = "Cmp">   --->   Core 25 'Cmp' <Latency = 0> <II = 1> <Delay = 2.47> <FuncUnit> <Opcode : 'icmp'> <InPorts = 2> <OutPorts = 1>
ST_2 : Operation 67 [1/1] (0.00ns) (grouped into LUT with out node xor_ln31)   --->   "%select_ln23 = select i1 %icmp_ln26, i1 %icmp_ln31, i1 %icmp_ln31_3" [incrust_score/incrust_score.cpp:23]   --->   Operation 67 'select' 'select_ln23' <Predicate = (!icmp_ln23)> <Delay = 0.00> <Core = "Sel">   --->   Core 26 'Sel' <Latency = 0> <II = 1> <Delay = 0.73> <FuncUnit> <Opcode : 'select'> <InPorts = 3> <OutPorts = 1>
ST_2 : Operation 68 [1/1] (2.47ns)   --->   "%icmp_ln31_4 = icmp slt i32 %zext_ln23, %add_ln31_1" [incrust_score/incrust_score.cpp:31]   --->   Operation 68 'icmp' 'icmp_ln31_4' <Predicate = (!icmp_ln23)> <Delay = 2.47> <Core = "Cmp">   --->   Core 25 'Cmp' <Latency = 0> <II = 1> <Delay = 2.47> <FuncUnit> <Opcode : 'icmp'> <InPorts = 2> <OutPorts = 1>
ST_2 : Operation 69 [1/1] (0.00ns) (grouped into LUT with out node and_ln31)   --->   "%select_ln23_1 = select i1 %icmp_ln26, i1 %icmp_ln31_1, i1 %icmp_ln31_4" [incrust_score/incrust_score.cpp:23]   --->   Operation 69 'select' 'select_ln23_1' <Predicate = (!icmp_ln23)> <Delay = 0.00> <Core = "Sel">   --->   Core 26 'Sel' <Latency = 0> <II = 1> <Delay = 0.73> <FuncUnit> <Opcode : 'select'> <InPorts = 3> <OutPorts = 1>
ST_2 : Operation 70 [1/1] (0.73ns)   --->   "%select_ln23_2 = select i1 %icmp_ln26, i31 %j_0, i31 0" [incrust_score/incrust_score.cpp:23]   --->   Operation 70 'select' 'select_ln23_2' <Predicate = (!icmp_ln23)> <Delay = 0.73> <Core = "Sel">   --->   Core 26 'Sel' <Latency = 0> <II = 1> <Delay = 0.73> <FuncUnit> <Opcode : 'select'> <InPorts = 3> <OutPorts = 1>
ST_2 : Operation 71 [1/1] (0.00ns)   --->   "%zext_ln23_2 = zext i31 %select_ln23_2 to i32" [incrust_score/incrust_score.cpp:23]   --->   Operation 71 'zext' 'zext_ln23_2' <Predicate = (!icmp_ln23)> <Delay = 0.00>
ST_2 : Operation 72 [1/1] (0.73ns)   --->   "%select_ln23_3 = select i1 %icmp_ln26, i31 %i_0, i31 %add_ln23_1" [incrust_score/incrust_score.cpp:23]   --->   Operation 72 'select' 'select_ln23_3' <Predicate = (!icmp_ln23)> <Delay = 0.73> <Core = "Sel">   --->   Core 26 'Sel' <Latency = 0> <II = 1> <Delay = 0.73> <FuncUnit> <Opcode : 'select'> <InPorts = 3> <OutPorts = 1>
ST_2 : Operation 73 [1/1] (0.00ns)   --->   "%empty = call { i24, i3, i3, i1, i1, i1, i1 } @_ssdm_op_Read.axis.volatile.i24P.i3P.i3P.i1P.i1P.i1P.i1P(i24* %s_axis_video_V_data_V, i3* %s_axis_video_V_keep_V, i3* %s_axis_video_V_strb_V, i1* %s_axis_video_V_user_V, i1* %s_axis_video_V_last_V, i1* %s_axis_video_V_id_V, i1* %s_axis_video_V_dest_V)" [incrust_score/incrust_score.cpp:28]   --->   Operation 73 'read' 'empty' <Predicate = (!icmp_ln23)> <Delay = 0.00> <Core = "AXI4Stream">   --->   Core 5 'AXI4Stream' <Latency = 0> <II = 1> <Delay = 1.00> <Adapter> <Opcode : >
ST_2 : Operation 74 [1/1] (0.00ns)   --->   "%tmp_keep_V = extractvalue { i24, i3, i3, i1, i1, i1, i1 } %empty, 1" [incrust_score/incrust_score.cpp:28]   --->   Operation 74 'extractvalue' 'tmp_keep_V' <Predicate = (!icmp_ln23)> <Delay = 0.00>
ST_2 : Operation 75 [1/1] (0.00ns)   --->   "%tmp_strb_V = extractvalue { i24, i3, i3, i1, i1, i1, i1 } %empty, 2" [incrust_score/incrust_score.cpp:28]   --->   Operation 75 'extractvalue' 'tmp_strb_V' <Predicate = (!icmp_ln23)> <Delay = 0.00>
ST_2 : Operation 76 [1/1] (0.00ns)   --->   "%tmp_user_V = extractvalue { i24, i3, i3, i1, i1, i1, i1 } %empty, 3" [incrust_score/incrust_score.cpp:28]   --->   Operation 76 'extractvalue' 'tmp_user_V' <Predicate = (!icmp_ln23)> <Delay = 0.00>
ST_2 : Operation 77 [1/1] (0.00ns)   --->   "%tmp_last_V = extractvalue { i24, i3, i3, i1, i1, i1, i1 } %empty, 4" [incrust_score/incrust_score.cpp:28]   --->   Operation 77 'extractvalue' 'tmp_last_V' <Predicate = (!icmp_ln23)> <Delay = 0.00>
ST_2 : Operation 78 [1/1] (0.00ns)   --->   "%tmp_id_V = extractvalue { i24, i3, i3, i1, i1, i1, i1 } %empty, 5" [incrust_score/incrust_score.cpp:28]   --->   Operation 78 'extractvalue' 'tmp_id_V' <Predicate = (!icmp_ln23)> <Delay = 0.00>
ST_2 : Operation 79 [1/1] (0.00ns)   --->   "%tmp_dest_V = extractvalue { i24, i3, i3, i1, i1, i1, i1 } %empty, 6" [incrust_score/incrust_score.cpp:28]   --->   Operation 79 'extractvalue' 'tmp_dest_V' <Predicate = (!icmp_ln23)> <Delay = 0.00>
ST_2 : Operation 80 [1/1] (2.47ns)   --->   "%icmp_ln31_2 = icmp slt i32 %zext_ln23_2, %start_x_read" [incrust_score/incrust_score.cpp:31]   --->   Operation 80 'icmp' 'icmp_ln31_2' <Predicate = (!icmp_ln23)> <Delay = 2.47> <Core = "Cmp">   --->   Core 25 'Cmp' <Latency = 0> <II = 1> <Delay = 2.47> <FuncUnit> <Opcode : 'icmp'> <InPorts = 2> <OutPorts = 1>
ST_2 : Operation 81 [1/1] (2.47ns)   --->   "%icmp_ln31_5 = icmp slt i32 %zext_ln23_2, %add_ln31" [incrust_score/incrust_score.cpp:31]   --->   Operation 81 'icmp' 'icmp_ln31_5' <Predicate = (!icmp_ln23)> <Delay = 2.47> <Core = "Cmp">   --->   Core 25 'Cmp' <Latency = 0> <II = 1> <Delay = 2.47> <FuncUnit> <Opcode : 'icmp'> <InPorts = 2> <OutPorts = 1>
ST_2 : Operation 82 [1/1] (0.00ns) (grouped into LUT with out node xor_ln31)   --->   "%xor_ln31_1 = xor i1 %icmp_ln31_5, true" [incrust_score/incrust_score.cpp:31]   --->   Operation 82 'xor' 'xor_ln31_1' <Predicate = (!icmp_ln23)> <Delay = 0.00> <Core = "LogicGate">   --->   Core 27 'LogicGate' <Latency = 0> <II = 1> <Delay = 0.97> <FuncUnit> <Opcode : 'and' 'or' 'xor'> <InPorts = 2> <OutPorts = 1>
ST_2 : Operation 83 [1/1] (0.00ns) (grouped into LUT with out node xor_ln31)   --->   "%or_ln31 = or i1 %icmp_ln31_2, %select_ln23" [incrust_score/incrust_score.cpp:31]   --->   Operation 83 'or' 'or_ln31' <Predicate = (!icmp_ln23)> <Delay = 0.00> <Core = "LogicGate">   --->   Core 27 'LogicGate' <Latency = 0> <II = 1> <Delay = 0.97> <FuncUnit> <Opcode : 'and' 'or' 'xor'> <InPorts = 2> <OutPorts = 1>
ST_2 : Operation 84 [1/1] (0.00ns) (grouped into LUT with out node xor_ln31)   --->   "%or_ln31_1 = or i1 %or_ln31, %xor_ln31_1" [incrust_score/incrust_score.cpp:31]   --->   Operation 84 'or' 'or_ln31_1' <Predicate = (!icmp_ln23)> <Delay = 0.00> <Core = "LogicGate">   --->   Core 27 'LogicGate' <Latency = 0> <II = 1> <Delay = 0.97> <FuncUnit> <Opcode : 'and' 'or' 'xor'> <InPorts = 2> <OutPorts = 1>
ST_2 : Operation 85 [1/1] (0.99ns) (out node of the LUT)   --->   "%xor_ln31 = xor i1 %or_ln31_1, true" [incrust_score/incrust_score.cpp:31]   --->   Operation 85 'xor' 'xor_ln31' <Predicate = (!icmp_ln23)> <Delay = 0.99> <Core = "LogicGate">   --->   Core 27 'LogicGate' <Latency = 0> <II = 1> <Delay = 0.97> <FuncUnit> <Opcode : 'and' 'or' 'xor'> <InPorts = 2> <OutPorts = 1>
ST_2 : Operation 86 [1/1] (0.99ns) (out node of the LUT)   --->   "%and_ln31 = and i1 %select_ln23_1, %xor_ln31" [incrust_score/incrust_score.cpp:31]   --->   Operation 86 'and' 'and_ln31' <Predicate = (!icmp_ln23)> <Delay = 0.99> <Core = "LogicGate">   --->   Core 27 'LogicGate' <Latency = 0> <II = 1> <Delay = 0.97> <FuncUnit> <Opcode : 'and' 'or' 'xor'> <InPorts = 2> <OutPorts = 1>
ST_2 : Operation 87 [1/1] (0.00ns)   --->   "%sext_ln33 = sext i32 %pixel_1 to i64" [incrust_score/incrust_score.cpp:33]   --->   Operation 87 'sext' 'sext_ln33' <Predicate = (!icmp_ln23)> <Delay = 0.00>
ST_2 : Operation 88 [1/1] (0.00ns)   --->   "%im_1_V_addr = getelementptr [2500 x i17]* @im_1_V, i64 0, i64 %sext_ln33" [incrust_score/incrust_score.cpp:33]   --->   Operation 88 'getelementptr' 'im_1_V_addr' <Predicate = (!icmp_ln23 & icmp_ln32 & !and_ln35 & !and_ln38)> <Delay = 0.00>
ST_2 : Operation 89 [2/2] (3.25ns)   --->   "%im_1_V_load = load i17* %im_1_V_addr, align 4" [incrust_score/incrust_score.cpp:33]   --->   Operation 89 'load' 'im_1_V_load' <Predicate = (!icmp_ln23 & icmp_ln32 & !and_ln35 & !and_ln38)> <Delay = 3.25> <Core = "ROM_nP">   --->   Core 52 'ROM_nP' <Latency = 1> <II = 1> <Delay = 3.25> <Storage> <Opcode : 'load'> <Ports = 0> <Width = 17> <Depth = 2500> <ROM>
ST_2 : Operation 90 [1/1] (0.00ns)   --->   "%im_2_V_addr = getelementptr [2500 x i17]* @im_2_V, i64 0, i64 %sext_ln33" [incrust_score/incrust_score.cpp:36]   --->   Operation 90 'getelementptr' 'im_2_V_addr' <Predicate = (!icmp_ln23 & and_ln35 & !and_ln38)> <Delay = 0.00>
ST_2 : Operation 91 [2/2] (3.25ns)   --->   "%im_2_V_load = load i17* %im_2_V_addr, align 4" [incrust_score/incrust_score.cpp:36]   --->   Operation 91 'load' 'im_2_V_load' <Predicate = (!icmp_ln23 & and_ln35 & !and_ln38)> <Delay = 3.25> <Core = "ROM_nP">   --->   Core 52 'ROM_nP' <Latency = 1> <II = 1> <Delay = 3.25> <Storage> <Opcode : 'load'> <Ports = 0> <Width = 17> <Depth = 2500> <ROM>
ST_2 : Operation 92 [1/1] (0.00ns)   --->   "%im_3_V_addr = getelementptr [2500 x i17]* @im_3_V, i64 0, i64 %sext_ln33" [incrust_score/incrust_score.cpp:39]   --->   Operation 92 'getelementptr' 'im_3_V_addr' <Predicate = (!icmp_ln23 & and_ln38)> <Delay = 0.00>
ST_2 : Operation 93 [2/2] (3.25ns)   --->   "%im_3_V_load = load i17* %im_3_V_addr, align 4" [incrust_score/incrust_score.cpp:39]   --->   Operation 93 'load' 'im_3_V_load' <Predicate = (!icmp_ln23 & and_ln38)> <Delay = 3.25> <Core = "ROM_nP">   --->   Core 52 'ROM_nP' <Latency = 1> <II = 1> <Delay = 3.25> <Storage> <Opcode : 'load'> <Ports = 0> <Width = 17> <Depth = 2500> <ROM>
ST_2 : Operation 94 [1/1] (0.00ns)   --->   "%im_0_V_addr = getelementptr [2500 x i17]* @im_0_V, i64 0, i64 %sext_ln33" [incrust_score/incrust_score.cpp:42]   --->   Operation 94 'getelementptr' 'im_0_V_addr' <Predicate = (!icmp_ln23 & !icmp_ln32 & !and_ln35 & !and_ln38)> <Delay = 0.00>
ST_2 : Operation 95 [2/2] (3.25ns)   --->   "%im_0_V_load = load i17* %im_0_V_addr, align 4" [incrust_score/incrust_score.cpp:42]   --->   Operation 95 'load' 'im_0_V_load' <Predicate = (!icmp_ln23 & !icmp_ln32 & !and_ln35 & !and_ln38)> <Delay = 3.25> <Core = "ROM_nP">   --->   Core 52 'ROM_nP' <Latency = 1> <II = 1> <Delay = 3.25> <Storage> <Opcode : 'load'> <Ports = 0> <Width = 17> <Depth = 2500> <ROM>
ST_2 : Operation 96 [1/1] (2.55ns)   --->   "%pixel = add nsw i32 %pixel_1, 1" [incrust_score/incrust_score.cpp:44]   --->   Operation 96 'add' 'pixel' <Predicate = (!icmp_ln23)> <Delay = 2.55> <Core = "AddSub">   --->   Core 14 'AddSub' <Latency = 0> <II = 1> <Delay = 2.55> <FuncUnit> <Opcode : 'add' 'sub'> <InPorts = 2> <OutPorts = 1>
ST_2 : Operation 97 [1/1] (0.69ns)   --->   "%pixel_2 = select i1 %and_ln31, i32 %pixel, i32 %pixel_1" [incrust_score/incrust_score.cpp:31]   --->   Operation 97 'select' 'pixel_2' <Predicate = (!icmp_ln23)> <Delay = 0.69> <Core = "Sel">   --->   Core 26 'Sel' <Latency = 0> <II = 1> <Delay = 0.73> <FuncUnit> <Opcode : 'select'> <InPorts = 3> <OutPorts = 1>
ST_2 : Operation 98 [1/1] (2.52ns)   --->   "%add_ln26 = add i31 %j_0, 1" [incrust_score/incrust_score.cpp:26]   --->   Operation 98 'add' 'add_ln26' <Predicate = (!icmp_ln23)> <Delay = 2.52> <Core = "AddSub">   --->   Core 14 'AddSub' <Latency = 0> <II = 1> <Delay = 2.55> <FuncUnit> <Opcode : 'add' 'sub'> <InPorts = 2> <OutPorts = 1>
ST_2 : Operation 99 [1/1] (0.73ns)   --->   "%j = select i1 %icmp_ln26, i31 %add_ln26, i31 1" [incrust_score/incrust_score.cpp:26]   --->   Operation 99 'select' 'j' <Predicate = (!icmp_ln23)> <Delay = 0.73> <Core = "Sel">   --->   Core 26 'Sel' <Latency = 0> <II = 1> <Delay = 0.73> <FuncUnit> <Opcode : 'select'> <InPorts = 3> <OutPorts = 1>

State 3 <SV = 2> <Delay = 4.81>
ST_3 : Operation 100 [1/1] (0.00ns) (grouped into LUT with out node video_data_V)   --->   "%tmp_data_V_1 = extractvalue { i24, i3, i3, i1, i1, i1, i1 } %empty, 0" [incrust_score/incrust_score.cpp:28]   --->   Operation 100 'extractvalue' 'tmp_data_V_1' <Predicate = (!icmp_ln23 & !and_ln31)> <Delay = 0.00>
ST_3 : Operation 101 [1/2] (3.25ns)   --->   "%im_1_V_load = load i17* %im_1_V_addr, align 4" [incrust_score/incrust_score.cpp:33]   --->   Operation 101 'load' 'im_1_V_load' <Predicate = (!icmp_ln23 & icmp_ln32 & !and_ln35 & !and_ln38)> <Delay = 3.25> <Core = "ROM_nP">   --->   Core 52 'ROM_nP' <Latency = 1> <II = 1> <Delay = 3.25> <Storage> <Opcode : 'load'> <Ports = 0> <Width = 17> <Depth = 2500> <ROM>
ST_3 : Operation 102 [1/2] (3.25ns)   --->   "%im_2_V_load = load i17* %im_2_V_addr, align 4" [incrust_score/incrust_score.cpp:36]   --->   Operation 102 'load' 'im_2_V_load' <Predicate = (!icmp_ln23 & and_ln35 & !and_ln38)> <Delay = 3.25> <Core = "ROM_nP">   --->   Core 52 'ROM_nP' <Latency = 1> <II = 1> <Delay = 3.25> <Storage> <Opcode : 'load'> <Ports = 0> <Width = 17> <Depth = 2500> <ROM>
ST_3 : Operation 103 [1/2] (3.25ns)   --->   "%im_3_V_load = load i17* %im_3_V_addr, align 4" [incrust_score/incrust_score.cpp:39]   --->   Operation 103 'load' 'im_3_V_load' <Predicate = (!icmp_ln23 & and_ln38)> <Delay = 3.25> <Core = "ROM_nP">   --->   Core 52 'ROM_nP' <Latency = 1> <II = 1> <Delay = 3.25> <Storage> <Opcode : 'load'> <Ports = 0> <Width = 17> <Depth = 2500> <ROM>
ST_3 : Operation 104 [1/2] (3.25ns)   --->   "%im_0_V_load = load i17* %im_0_V_addr, align 4" [incrust_score/incrust_score.cpp:42]   --->   Operation 104 'load' 'im_0_V_load' <Predicate = (!icmp_ln23 & !icmp_ln32 & !and_ln35 & !and_ln38)> <Delay = 3.25> <Core = "ROM_nP">   --->   Core 52 'ROM_nP' <Latency = 1> <II = 1> <Delay = 3.25> <Storage> <Opcode : 'load'> <Ports = 0> <Width = 17> <Depth = 2500> <ROM>
ST_3 : Operation 105 [1/1] (0.00ns) (grouped into LUT with out node select_ln35)   --->   "%select_ln32 = select i1 %icmp_ln32, i17 %im_1_V_load, i17 %im_0_V_load" [incrust_score/incrust_score.cpp:32]   --->   Operation 105 'select' 'select_ln32' <Predicate = (!icmp_ln23 & !and_ln35 & !and_ln38 & and_ln31)> <Delay = 0.00> <Core = "Sel">   --->   Core 26 'Sel' <Latency = 0> <II = 1> <Delay = 0.73> <FuncUnit> <Opcode : 'select'> <InPorts = 3> <OutPorts = 1>
ST_3 : Operation 106 [1/1] (0.78ns) (out node of the LUT)   --->   "%select_ln35 = select i1 %and_ln35, i17 %im_2_V_load, i17 %select_ln32" [incrust_score/incrust_score.cpp:35]   --->   Operation 106 'select' 'select_ln35' <Predicate = (!icmp_ln23 & !and_ln38 & and_ln31)> <Delay = 0.78> <Core = "Sel">   --->   Core 26 'Sel' <Latency = 0> <II = 1> <Delay = 0.73> <FuncUnit> <Opcode : 'select'> <InPorts = 3> <OutPorts = 1>
ST_3 : Operation 107 [1/1] (0.00ns) (grouped into LUT with out node video_data_V)   --->   "%video_data_V_1 = select i1 %and_ln38, i17 %im_3_V_load, i17 %select_ln35" [incrust_score/incrust_score.cpp:38]   --->   Operation 107 'select' 'video_data_V_1' <Predicate = (!icmp_ln23 & and_ln31)> <Delay = 0.00> <Core = "Sel">   --->   Core 26 'Sel' <Latency = 0> <II = 1> <Delay = 0.73> <FuncUnit> <Opcode : 'select'> <InPorts = 3> <OutPorts = 1>
ST_3 : Operation 108 [1/1] (0.00ns) (grouped into LUT with out node video_data_V)   --->   "%sext_ln38 = sext i17 %video_data_V_1 to i23" [incrust_score/incrust_score.cpp:38]   --->   Operation 108 'sext' 'sext_ln38' <Predicate = (!icmp_ln23 & and_ln31)> <Delay = 0.00>
ST_3 : Operation 109 [1/1] (0.00ns) (grouped into LUT with out node video_data_V)   --->   "%zext_ln38 = zext i23 %sext_ln38 to i24" [incrust_score/incrust_score.cpp:38]   --->   Operation 109 'zext' 'zext_ln38' <Predicate = (!icmp_ln23 & and_ln31)> <Delay = 0.00>
ST_3 : Operation 110 [1/1] (0.78ns) (out node of the LUT)   --->   "%video_data_V = select i1 %and_ln31, i24 %zext_ln38, i24 %tmp_data_V_1" [incrust_score/incrust_score.cpp:31]   --->   Operation 110 'select' 'video_data_V' <Predicate = (!icmp_ln23)> <Delay = 0.78> <Core = "Sel">   --->   Core 26 'Sel' <Latency = 0> <II = 1> <Delay = 0.73> <FuncUnit> <Opcode : 'select'> <InPorts = 3> <OutPorts = 1>
ST_3 : Operation 111 [2/2] (0.00ns)   --->   "call void @_ssdm_op_Write.axis.volatile.i24P.i3P.i3P.i1P.i1P.i1P.i1P(i24* %m_axis_video_V_data_V, i3* %m_axis_video_V_keep_V, i3* %m_axis_video_V_strb_V, i1* %m_axis_video_V_user_V, i1* %m_axis_video_V_last_V, i1* %m_axis_video_V_id_V, i1* %m_axis_video_V_dest_V, i24 %video_data_V, i3 %tmp_keep_V, i3 %tmp_strb_V, i1 %tmp_user_V, i1 %tmp_last_V, i1 %tmp_id_V, i1 %tmp_dest_V)" [incrust_score/incrust_score.cpp:47]   --->   Operation 111 'write' <Predicate = (!icmp_ln23)> <Delay = 0.00> <Core = "AXI4Stream">   --->   Core 5 'AXI4Stream' <Latency = 0> <II = 1> <Delay = 1.00> <Adapter> <Opcode : >

State 4 <SV = 3> <Delay = 0.00>
ST_4 : Operation 112 [1/1] (0.00ns)   --->   "call void (...)* @_ssdm_op_SpecPipeline(i32 -1, i32 1, i32 1, i32 0, [1 x i8]* @p_str5) nounwind" [incrust_score/incrust_score.cpp:25]   --->   Operation 112 'specpipeline' <Predicate = (!icmp_ln23)> <Delay = 0.00>
ST_4 : Operation 113 [1/1] (0.00ns)   --->   "call void (...)* @_ssdm_op_SpecPipeline(i32 -1, i32 1, i32 1, i32 0, [1 x i8]* @p_str5) nounwind" [incrust_score/incrust_score.cpp:25]   --->   Operation 113 'specpipeline' <Predicate = (!icmp_ln23)> <Delay = 0.00>
ST_4 : Operation 114 [1/2] (0.00ns)   --->   "call void @_ssdm_op_Write.axis.volatile.i24P.i3P.i3P.i1P.i1P.i1P.i1P(i24* %m_axis_video_V_data_V, i3* %m_axis_video_V_keep_V, i3* %m_axis_video_V_strb_V, i1* %m_axis_video_V_user_V, i1* %m_axis_video_V_last_V, i1* %m_axis_video_V_id_V, i1* %m_axis_video_V_dest_V, i24 %video_data_V, i3 %tmp_keep_V, i3 %tmp_strb_V, i1 %tmp_user_V, i1 %tmp_last_V, i1 %tmp_id_V, i1 %tmp_dest_V)" [incrust_score/incrust_score.cpp:47]   --->   Operation 114 'write' <Predicate = (!icmp_ln23)> <Delay = 0.00> <Core = "AXI4Stream">   --->   Core 5 'AXI4Stream' <Latency = 0> <II = 1> <Delay = 1.00> <Adapter> <Opcode : >
ST_4 : Operation 115 [1/1] (0.00ns)   --->   "br label %1" [incrust_score/incrust_score.cpp:26]   --->   Operation 115 'br' <Predicate = (!icmp_ln23)> <Delay = 0.00>

State 5 <SV = 2> <Delay = 0.00>
ST_5 : Operation 116 [1/1] (0.00ns)   --->   "ret void" [incrust_score/incrust_score.cpp:54]   --->   Operation 116 'ret' <Predicate = true> <Delay = 0.00>


============================================================
+ Verbose Summary: Timing violations
============================================================
Target clock period: 10ns, clock uncertainty: 1.25ns.

 <State 1>: 8.51ns
The critical path consists of the following:
	wire read on port 'vsize_in' [51]  (0 ns)
	'mul' operation ('bound') [71]  (8.51 ns)

 <State 2>: 8.36ns
The critical path consists of the following:
	'phi' operation ('j') with incoming values : ('j', incrust_score/incrust_score.cpp:26) [77]  (0 ns)
	'icmp' operation ('icmp_ln26', incrust_score/incrust_score.cpp:26) [83]  (2.47 ns)
	'select' operation ('select_ln23_2', incrust_score/incrust_score.cpp:23) [96]  (0.733 ns)
	'icmp' operation ('icmp_ln31_2', incrust_score/incrust_score.cpp:31) [107]  (2.47 ns)
	'or' operation ('or_ln31', incrust_score/incrust_score.cpp:31) [110]  (0 ns)
	'or' operation ('or_ln31_1', incrust_score/incrust_score.cpp:31) [111]  (0 ns)
	'xor' operation ('xor_ln31', incrust_score/incrust_score.cpp:31) [112]  (0.993 ns)
	'and' operation ('and_ln31', incrust_score/incrust_score.cpp:31) [113]  (0.993 ns)
	'select' operation ('pixel', incrust_score/incrust_score.cpp:31) [130]  (0.698 ns)

 <State 3>: 4.82ns
The critical path consists of the following:
	'load' operation ('im_1_V_load', incrust_score/incrust_score.cpp:33) on array 'im_1_V' [116]  (3.25 ns)
	'select' operation ('select_ln32', incrust_score/incrust_score.cpp:32) [123]  (0 ns)
	'select' operation ('select_ln35', incrust_score/incrust_score.cpp:35) [124]  (0.781 ns)
	'select' operation ('video.data.V', incrust_score/incrust_score.cpp:38) [125]  (0 ns)
	'select' operation ('video.data.V', incrust_score/incrust_score.cpp:31) [129]  (0.781 ns)

 <State 4>: 0ns
The critical path consists of the following:

 <State 5>: 0ns
The critical path consists of the following:


============================================================
+ Verbose Summary: Binding
============================================================
N/A
* FSMD analyzer results:
  - Output states:
 - Input state : 
  - Chain level:
	State 1
	State 2
	State 3
	State 4
	State 5


============================================================
+ Verbose Summary: Datapath Resource usage 
============================================================
N/A
