

================================================================
== Vivado HLS Report for 'incrust_bar'
================================================================
* Date:           Thu Jan 11 16:56:38 2024

* Version:        2019.2 (Build 2704478 on Wed Nov 06 22:10:23 MST 2019)
* Project:        incrust_bar
* Solution:       solution1
* Product family: zynq
* Target device:  xc7z020-clg484-1


================================================================
== Performance Estimates
================================================================
+ Timing: 
    * Summary: 
    +--------+----------+----------+------------+
    |  Clock |  Target  | Estimated| Uncertainty|
    +--------+----------+----------+------------+
    |ap_clk  | 10.00 ns | 8.510 ns |   1.25 ns  |
    +--------+----------+----------+------------+

+ Latency: 
    * Summary: 
    +---------+---------+----------+----------+-----+-----+---------+
    |  Latency (cycles) |  Latency (absolute) |  Interval | Pipeline|
    |   min   |   max   |    min   |    max   | min | max |   Type  |
    +---------+---------+----------+----------+-----+-----+---------+
    |        ?|        ?|         ?|         ?|    ?|    ?|   none  |
    +---------+---------+----------+----------+-----+-----+---------+

    + Detail: 
        * Instance: 
        N/A

        * Loop: 
        +----------+---------+---------+----------+-----------+-----------+------+----------+
        |          |  Latency (cycles) | Iteration|  Initiation Interval  | Trip |          |
        | Loop Name|   min   |   max   |  Latency |  achieved |   target  | Count| Pipelined|
        +----------+---------+---------+----------+-----------+-----------+------+----------+
        |- Loop 1  |        ?|        ?|         3|          1|          1|     ?|    yes   |
        +----------+---------+---------+----------+-----------+-----------+------+----------+

============================================================
+ Verbose Summary: Synthesis Manager
============================================================
InlineROM: 1
ExposeGlobal: 0
============================================================
+ Verbose Summary: CDFG Model
============================================================
IsTopModel: 1
ResetActiveHigh: 1
IsCombinational: 0
IsDatapathOnly: 0
HasWiredReturn: 1
HasMFsm: 0
HasVarLatency: 1
IsPipeline: 0
IsRtlPipelined: 0
IsInstanceOverlapped: 0
IsDontTouch: 0
HasImplIP: 0
IsGatedGlobalClock: 0

+ Individual pipeline summary: 
  * Pipeline-0: initiation interval (II) = 1, depth = 3


============================================================
+ Verbose Summary: Schedule
============================================================
* Number of FSM states : 5
* Pipeline : 1
  Pipeline-0 : II = 1, D = 3, States = { 2 3 4 }
* Dataflow Pipeline: 0

* FSM state transitions: 
1 --> 2 
2 --> 5 3 
3 --> 4 
4 --> 2 
5 --> 

* FSM state operations: 

State 1 <SV = 0> <Delay = 8.51>
ST_1 : Operation 6 [1/1] (0.00ns)   --->   "call void (...)* @_ssdm_op_SpecBitsMap(i24* %s_axis_video_V_data_V), !map !45"   --->   Operation 6 'specbitsmap' <Predicate = true> <Delay = 0.00>
ST_1 : Operation 7 [1/1] (0.00ns)   --->   "call void (...)* @_ssdm_op_SpecBitsMap(i3* %s_axis_video_V_keep_V), !map !49"   --->   Operation 7 'specbitsmap' <Predicate = true> <Delay = 0.00>
ST_1 : Operation 8 [1/1] (0.00ns)   --->   "call void (...)* @_ssdm_op_SpecBitsMap(i3* %s_axis_video_V_strb_V), !map !53"   --->   Operation 8 'specbitsmap' <Predicate = true> <Delay = 0.00>
ST_1 : Operation 9 [1/1] (0.00ns)   --->   "call void (...)* @_ssdm_op_SpecBitsMap(i1* %s_axis_video_V_user_V), !map !57"   --->   Operation 9 'specbitsmap' <Predicate = true> <Delay = 0.00>
ST_1 : Operation 10 [1/1] (0.00ns)   --->   "call void (...)* @_ssdm_op_SpecBitsMap(i1* %s_axis_video_V_last_V), !map !61"   --->   Operation 10 'specbitsmap' <Predicate = true> <Delay = 0.00>
ST_1 : Operation 11 [1/1] (0.00ns)   --->   "call void (...)* @_ssdm_op_SpecBitsMap(i1* %s_axis_video_V_id_V), !map !65"   --->   Operation 11 'specbitsmap' <Predicate = true> <Delay = 0.00>
ST_1 : Operation 12 [1/1] (0.00ns)   --->   "call void (...)* @_ssdm_op_SpecBitsMap(i1* %s_axis_video_V_dest_V), !map !69"   --->   Operation 12 'specbitsmap' <Predicate = true> <Delay = 0.00>
ST_1 : Operation 13 [1/1] (0.00ns)   --->   "call void (...)* @_ssdm_op_SpecBitsMap(i24* %m_axis_video_V_data_V), !map !73"   --->   Operation 13 'specbitsmap' <Predicate = true> <Delay = 0.00>
ST_1 : Operation 14 [1/1] (0.00ns)   --->   "call void (...)* @_ssdm_op_SpecBitsMap(i3* %m_axis_video_V_keep_V), !map !77"   --->   Operation 14 'specbitsmap' <Predicate = true> <Delay = 0.00>
ST_1 : Operation 15 [1/1] (0.00ns)   --->   "call void (...)* @_ssdm_op_SpecBitsMap(i3* %m_axis_video_V_strb_V), !map !81"   --->   Operation 15 'specbitsmap' <Predicate = true> <Delay = 0.00>
ST_1 : Operation 16 [1/1] (0.00ns)   --->   "call void (...)* @_ssdm_op_SpecBitsMap(i1* %m_axis_video_V_user_V), !map !85"   --->   Operation 16 'specbitsmap' <Predicate = true> <Delay = 0.00>
ST_1 : Operation 17 [1/1] (0.00ns)   --->   "call void (...)* @_ssdm_op_SpecBitsMap(i1* %m_axis_video_V_last_V), !map !89"   --->   Operation 17 'specbitsmap' <Predicate = true> <Delay = 0.00>
ST_1 : Operation 18 [1/1] (0.00ns)   --->   "call void (...)* @_ssdm_op_SpecBitsMap(i1* %m_axis_video_V_id_V), !map !93"   --->   Operation 18 'specbitsmap' <Predicate = true> <Delay = 0.00>
ST_1 : Operation 19 [1/1] (0.00ns)   --->   "call void (...)* @_ssdm_op_SpecBitsMap(i1* %m_axis_video_V_dest_V), !map !97"   --->   Operation 19 'specbitsmap' <Predicate = true> <Delay = 0.00>
ST_1 : Operation 20 [1/1] (0.00ns)   --->   "call void (...)* @_ssdm_op_SpecBitsMap(i32 %hsize_in), !map !101"   --->   Operation 20 'specbitsmap' <Predicate = true> <Delay = 0.00>
ST_1 : Operation 21 [1/1] (0.00ns)   --->   "call void (...)* @_ssdm_op_SpecBitsMap(i32 %vsize_in), !map !107"   --->   Operation 21 'specbitsmap' <Predicate = true> <Delay = 0.00>
ST_1 : Operation 22 [1/1] (0.00ns)   --->   "call void (...)* @_ssdm_op_SpecBitsMap(i32 %start_x), !map !111"   --->   Operation 22 'specbitsmap' <Predicate = true> <Delay = 0.00>
ST_1 : Operation 23 [1/1] (0.00ns)   --->   "call void (...)* @_ssdm_op_SpecBitsMap(i32 %start_y), !map !115"   --->   Operation 23 'specbitsmap' <Predicate = true> <Delay = 0.00>
ST_1 : Operation 24 [1/1] (0.00ns)   --->   "call void (...)* @_ssdm_op_SpecTopModule([12 x i8]* @incrust_bar_str) nounwind"   --->   Operation 24 'spectopmodule' <Predicate = true> <Delay = 0.00>
ST_1 : Operation 25 [1/1] (0.00ns)   --->   "%start_y_read = call i32 @_ssdm_op_Read.ap_auto.i32(i32 %start_y)"   --->   Operation 25 'read' 'start_y_read' <Predicate = true> <Delay = 0.00>
ST_1 : Operation 26 [1/1] (0.00ns)   --->   "%start_x_read = call i32 @_ssdm_op_Read.ap_auto.i32(i32 %start_x)"   --->   Operation 26 'read' 'start_x_read' <Predicate = true> <Delay = 0.00>
ST_1 : Operation 27 [1/1] (0.00ns)   --->   "%vsize_in_read = call i32 @_ssdm_op_Read.ap_auto.i32(i32 %vsize_in)"   --->   Operation 27 'read' 'vsize_in_read' <Predicate = true> <Delay = 0.00>
ST_1 : Operation 28 [1/1] (0.00ns)   --->   "%hsize_in_read = call i32 @_ssdm_op_Read.ap_auto.i32(i32 %hsize_in)"   --->   Operation 28 'read' 'hsize_in_read' <Predicate = true> <Delay = 0.00>
ST_1 : Operation 29 [1/1] (0.00ns)   --->   "call void (...)* @_ssdm_op_SpecInterface(i24* %s_axis_video_V_data_V, i3* %s_axis_video_V_keep_V, i3* %s_axis_video_V_strb_V, i1* %s_axis_video_V_user_V, i1* %s_axis_video_V_last_V, i1* %s_axis_video_V_id_V, i1* %s_axis_video_V_dest_V, [5 x i8]* @p_str, i32 1, i32 1, [5 x i8]* @p_str1, i32 0, i32 0, [1 x i8]* @p_str2, [1 x i8]* @p_str2, [1 x i8]* @p_str2, i32 0, i32 0, i32 0, i32 0, [1 x i8]* @p_str2, [1 x i8]* @p_str2) nounwind" [incrust_bar/incrust.cpp:11]   --->   Operation 29 'specinterface' <Predicate = true> <Delay = 0.00>
ST_1 : Operation 30 [1/1] (0.00ns)   --->   "call void (...)* @_ssdm_op_SpecInterface(i24* %m_axis_video_V_data_V, i3* %m_axis_video_V_keep_V, i3* %m_axis_video_V_strb_V, i1* %m_axis_video_V_user_V, i1* %m_axis_video_V_last_V, i1* %m_axis_video_V_id_V, i1* %m_axis_video_V_dest_V, [5 x i8]* @p_str, i32 1, i32 1, [5 x i8]* @p_str1, i32 0, i32 0, [1 x i8]* @p_str2, [1 x i8]* @p_str2, [1 x i8]* @p_str2, i32 0, i32 0, i32 0, i32 0, [1 x i8]* @p_str2, [1 x i8]* @p_str2) nounwind" [incrust_bar/incrust.cpp:12]   --->   Operation 30 'specinterface' <Predicate = true> <Delay = 0.00>
ST_1 : Operation 31 [1/1] (2.55ns)   --->   "%add_ln25 = add nsw i32 %start_x_read, 100" [incrust_bar/incrust.cpp:25]   --->   Operation 31 'add' 'add_ln25' <Predicate = true> <Delay = 2.55> <Core = "AddSub">   --->   Core 14 'AddSub' <Latency = 0> <II = 1> <Delay = 2.55> <FuncUnit> <Opcode : 'add' 'sub'> <InPorts = 2> <OutPorts = 1>
ST_1 : Operation 32 [1/1] (2.55ns)   --->   "%add_ln25_1 = add nsw i32 %start_y_read, 50" [incrust_bar/incrust.cpp:25]   --->   Operation 32 'add' 'add_ln25_1' <Predicate = true> <Delay = 2.55> <Core = "AddSub">   --->   Core 14 'AddSub' <Latency = 0> <II = 1> <Delay = 2.55> <FuncUnit> <Opcode : 'add' 'sub'> <InPorts = 2> <OutPorts = 1>
ST_1 : Operation 33 [1/1] (0.00ns)   --->   "%cast = zext i32 %vsize_in_read to i64"   --->   Operation 33 'zext' 'cast' <Predicate = true> <Delay = 0.00>
ST_1 : Operation 34 [1/1] (0.00ns)   --->   "%cast1 = zext i32 %hsize_in_read to i64"   --->   Operation 34 'zext' 'cast1' <Predicate = true> <Delay = 0.00>
ST_1 : Operation 35 [1/1] (8.51ns)   --->   "%bound = mul i64 %cast1, %cast"   --->   Operation 35 'mul' 'bound' <Predicate = true> <Delay = 8.51> <Core = "Mul">   --->   Core 16 'Mul' <Latency = 0> <II = 1> <Delay = 8.51> <FuncUnit> <Opcode : 'mul'> <InPorts = 2> <OutPorts = 1>
ST_1 : Operation 36 [1/1] (1.76ns)   --->   "br label %1" [incrust_bar/incrust.cpp:17]   --->   Operation 36 'br' <Predicate = true> <Delay = 1.76>

State 2 <SV = 1> <Delay = 7.66>
ST_2 : Operation 37 [1/1] (0.00ns)   --->   "%indvar_flatten = phi i64 [ 0, %0 ], [ %add_ln17, %.reset ]" [incrust_bar/incrust.cpp:17]   --->   Operation 37 'phi' 'indvar_flatten' <Predicate = true> <Delay = 0.00>
ST_2 : Operation 38 [1/1] (0.00ns)   --->   "%i_0 = phi i31 [ 0, %0 ], [ %select_ln17_3, %.reset ]" [incrust_bar/incrust.cpp:17]   --->   Operation 38 'phi' 'i_0' <Predicate = true> <Delay = 0.00>
ST_2 : Operation 39 [1/1] (0.00ns)   --->   "%j_0 = phi i31 [ 0, %0 ], [ %j, %.reset ]"   --->   Operation 39 'phi' 'j_0' <Predicate = true> <Delay = 0.00>
ST_2 : Operation 40 [1/1] (0.00ns)   --->   "%zext_ln17_1 = zext i31 %i_0 to i32" [incrust_bar/incrust.cpp:17]   --->   Operation 40 'zext' 'zext_ln17_1' <Predicate = true> <Delay = 0.00>
ST_2 : Operation 41 [1/1] (0.00ns)   --->   "call void (...)* @_ssdm_op_SpecPipeline(i32 -1, i32 1, i32 1, i32 0, [1 x i8]* @p_str2) nounwind" [incrust_bar/incrust.cpp:19]   --->   Operation 41 'specpipeline' <Predicate = true> <Delay = 0.00>
ST_2 : Operation 42 [1/1] (2.47ns)   --->   "%icmp_ln25 = icmp slt i32 %zext_ln17_1, %start_y_read" [incrust_bar/incrust.cpp:25]   --->   Operation 42 'icmp' 'icmp_ln25' <Predicate = true> <Delay = 2.47> <Core = "Cmp">   --->   Core 25 'Cmp' <Latency = 0> <II = 1> <Delay = 2.47> <FuncUnit> <Opcode : 'icmp'> <InPorts = 2> <OutPorts = 1>
ST_2 : Operation 43 [1/1] (2.47ns)   --->   "%icmp_ln25_1 = icmp slt i32 %zext_ln17_1, %add_ln25_1" [incrust_bar/incrust.cpp:25]   --->   Operation 43 'icmp' 'icmp_ln25_1' <Predicate = true> <Delay = 2.47> <Core = "Cmp">   --->   Core 25 'Cmp' <Latency = 0> <II = 1> <Delay = 2.47> <FuncUnit> <Opcode : 'icmp'> <InPorts = 2> <OutPorts = 1>
ST_2 : Operation 44 [1/1] (0.00ns)   --->   "%zext_ln20 = zext i31 %j_0 to i32" [incrust_bar/incrust.cpp:20]   --->   Operation 44 'zext' 'zext_ln20' <Predicate = true> <Delay = 0.00>
ST_2 : Operation 45 [1/1] (2.47ns)   --->   "%icmp_ln20 = icmp slt i32 %zext_ln20, %hsize_in_read" [incrust_bar/incrust.cpp:20]   --->   Operation 45 'icmp' 'icmp_ln20' <Predicate = true> <Delay = 2.47> <Core = "Cmp">   --->   Core 25 'Cmp' <Latency = 0> <II = 1> <Delay = 2.47> <FuncUnit> <Opcode : 'icmp'> <InPorts = 2> <OutPorts = 1>
ST_2 : Operation 46 [1/1] (2.77ns)   --->   "%icmp_ln17 = icmp eq i64 %indvar_flatten, %bound" [incrust_bar/incrust.cpp:17]   --->   Operation 46 'icmp' 'icmp_ln17' <Predicate = true> <Delay = 2.77> <Core = "Cmp">   --->   Core 25 'Cmp' <Latency = 0> <II = 1> <Delay = 2.47> <FuncUnit> <Opcode : 'icmp'> <InPorts = 2> <OutPorts = 1>
ST_2 : Operation 47 [1/1] (3.52ns)   --->   "%add_ln17 = add i64 %indvar_flatten, 1" [incrust_bar/incrust.cpp:17]   --->   Operation 47 'add' 'add_ln17' <Predicate = true> <Delay = 3.52> <Core = "AddSub">   --->   Core 14 'AddSub' <Latency = 0> <II = 1> <Delay = 2.55> <FuncUnit> <Opcode : 'add' 'sub'> <InPorts = 2> <OutPorts = 1>
ST_2 : Operation 48 [1/1] (0.00ns)   --->   "br i1 %icmp_ln17, label %2, label %.reset" [incrust_bar/incrust.cpp:17]   --->   Operation 48 'br' <Predicate = true> <Delay = 0.00>
ST_2 : Operation 49 [1/1] (2.52ns)   --->   "%add_ln17_1 = add i31 %i_0, 1" [incrust_bar/incrust.cpp:17]   --->   Operation 49 'add' 'add_ln17_1' <Predicate = (!icmp_ln17)> <Delay = 2.52> <Core = "AddSub">   --->   Core 14 'AddSub' <Latency = 0> <II = 1> <Delay = 2.55> <FuncUnit> <Opcode : 'add' 'sub'> <InPorts = 2> <OutPorts = 1>
ST_2 : Operation 50 [1/1] (0.00ns)   --->   "%zext_ln17 = zext i31 %add_ln17_1 to i32" [incrust_bar/incrust.cpp:17]   --->   Operation 50 'zext' 'zext_ln17' <Predicate = (!icmp_ln17)> <Delay = 0.00>
ST_2 : Operation 51 [1/1] (2.47ns)   --->   "%icmp_ln25_3 = icmp slt i32 %zext_ln17, %start_y_read" [incrust_bar/incrust.cpp:25]   --->   Operation 51 'icmp' 'icmp_ln25_3' <Predicate = (!icmp_ln17)> <Delay = 2.47> <Core = "Cmp">   --->   Core 25 'Cmp' <Latency = 0> <II = 1> <Delay = 2.47> <FuncUnit> <Opcode : 'icmp'> <InPorts = 2> <OutPorts = 1>
ST_2 : Operation 52 [1/1] (0.00ns) (grouped into LUT with out node xor_ln25)   --->   "%select_ln17 = select i1 %icmp_ln20, i1 %icmp_ln25, i1 %icmp_ln25_3" [incrust_bar/incrust.cpp:17]   --->   Operation 52 'select' 'select_ln17' <Predicate = (!icmp_ln17)> <Delay = 0.00> <Core = "Sel">   --->   Core 26 'Sel' <Latency = 0> <II = 1> <Delay = 0.73> <FuncUnit> <Opcode : 'select'> <InPorts = 3> <OutPorts = 1>
ST_2 : Operation 53 [1/1] (2.47ns)   --->   "%icmp_ln25_4 = icmp slt i32 %zext_ln17, %add_ln25_1" [incrust_bar/incrust.cpp:25]   --->   Operation 53 'icmp' 'icmp_ln25_4' <Predicate = (!icmp_ln17)> <Delay = 2.47> <Core = "Cmp">   --->   Core 25 'Cmp' <Latency = 0> <II = 1> <Delay = 2.47> <FuncUnit> <Opcode : 'icmp'> <InPorts = 2> <OutPorts = 1>
ST_2 : Operation 54 [1/1] (0.00ns) (grouped into LUT with out node tmp_data_V)   --->   "%select_ln17_1 = select i1 %icmp_ln20, i1 %icmp_ln25_1, i1 %icmp_ln25_4" [incrust_bar/incrust.cpp:17]   --->   Operation 54 'select' 'select_ln17_1' <Predicate = (!icmp_ln17)> <Delay = 0.00> <Core = "Sel">   --->   Core 26 'Sel' <Latency = 0> <II = 1> <Delay = 0.73> <FuncUnit> <Opcode : 'select'> <InPorts = 3> <OutPorts = 1>
ST_2 : Operation 55 [1/1] (0.73ns)   --->   "%select_ln17_2 = select i1 %icmp_ln20, i31 %j_0, i31 0" [incrust_bar/incrust.cpp:17]   --->   Operation 55 'select' 'select_ln17_2' <Predicate = (!icmp_ln17)> <Delay = 0.73> <Core = "Sel">   --->   Core 26 'Sel' <Latency = 0> <II = 1> <Delay = 0.73> <FuncUnit> <Opcode : 'select'> <InPorts = 3> <OutPorts = 1>
ST_2 : Operation 56 [1/1] (0.00ns)   --->   "%zext_ln17_2 = zext i31 %select_ln17_2 to i32" [incrust_bar/incrust.cpp:17]   --->   Operation 56 'zext' 'zext_ln17_2' <Predicate = (!icmp_ln17)> <Delay = 0.00>
ST_2 : Operation 57 [1/1] (0.73ns)   --->   "%select_ln17_3 = select i1 %icmp_ln20, i31 %i_0, i31 %add_ln17_1" [incrust_bar/incrust.cpp:17]   --->   Operation 57 'select' 'select_ln17_3' <Predicate = (!icmp_ln17)> <Delay = 0.73> <Core = "Sel">   --->   Core 26 'Sel' <Latency = 0> <II = 1> <Delay = 0.73> <FuncUnit> <Opcode : 'select'> <InPorts = 3> <OutPorts = 1>
ST_2 : Operation 58 [1/1] (0.00ns)   --->   "%empty = call { i24, i3, i3, i1, i1, i1, i1 } @_ssdm_op_Read.axis.volatile.i24P.i3P.i3P.i1P.i1P.i1P.i1P(i24* %s_axis_video_V_data_V, i3* %s_axis_video_V_keep_V, i3* %s_axis_video_V_strb_V, i1* %s_axis_video_V_user_V, i1* %s_axis_video_V_last_V, i1* %s_axis_video_V_id_V, i1* %s_axis_video_V_dest_V)" [incrust_bar/incrust.cpp:22]   --->   Operation 58 'read' 'empty' <Predicate = (!icmp_ln17)> <Delay = 0.00> <Core = "AXI4Stream">   --->   Core 5 'AXI4Stream' <Latency = 0> <II = 1> <Delay = 1.00> <Adapter> <Opcode : >
ST_2 : Operation 59 [1/1] (0.00ns) (grouped into LUT with out node tmp_data_V)   --->   "%tmp_data_V_1 = extractvalue { i24, i3, i3, i1, i1, i1, i1 } %empty, 0" [incrust_bar/incrust.cpp:22]   --->   Operation 59 'extractvalue' 'tmp_data_V_1' <Predicate = (!icmp_ln17)> <Delay = 0.00>
ST_2 : Operation 60 [1/1] (0.00ns)   --->   "%tmp_keep_V = extractvalue { i24, i3, i3, i1, i1, i1, i1 } %empty, 1" [incrust_bar/incrust.cpp:22]   --->   Operation 60 'extractvalue' 'tmp_keep_V' <Predicate = (!icmp_ln17)> <Delay = 0.00>
ST_2 : Operation 61 [1/1] (0.00ns)   --->   "%tmp_strb_V = extractvalue { i24, i3, i3, i1, i1, i1, i1 } %empty, 2" [incrust_bar/incrust.cpp:22]   --->   Operation 61 'extractvalue' 'tmp_strb_V' <Predicate = (!icmp_ln17)> <Delay = 0.00>
ST_2 : Operation 62 [1/1] (0.00ns)   --->   "%tmp_user_V = extractvalue { i24, i3, i3, i1, i1, i1, i1 } %empty, 3" [incrust_bar/incrust.cpp:22]   --->   Operation 62 'extractvalue' 'tmp_user_V' <Predicate = (!icmp_ln17)> <Delay = 0.00>
ST_2 : Operation 63 [1/1] (0.00ns)   --->   "%tmp_last_V = extractvalue { i24, i3, i3, i1, i1, i1, i1 } %empty, 4" [incrust_bar/incrust.cpp:22]   --->   Operation 63 'extractvalue' 'tmp_last_V' <Predicate = (!icmp_ln17)> <Delay = 0.00>
ST_2 : Operation 64 [1/1] (0.00ns)   --->   "%tmp_id_V = extractvalue { i24, i3, i3, i1, i1, i1, i1 } %empty, 5" [incrust_bar/incrust.cpp:22]   --->   Operation 64 'extractvalue' 'tmp_id_V' <Predicate = (!icmp_ln17)> <Delay = 0.00>
ST_2 : Operation 65 [1/1] (0.00ns)   --->   "%tmp_dest_V = extractvalue { i24, i3, i3, i1, i1, i1, i1 } %empty, 6" [incrust_bar/incrust.cpp:22]   --->   Operation 65 'extractvalue' 'tmp_dest_V' <Predicate = (!icmp_ln17)> <Delay = 0.00>
ST_2 : Operation 66 [1/1] (2.47ns)   --->   "%icmp_ln25_2 = icmp slt i32 %zext_ln17_2, %start_x_read" [incrust_bar/incrust.cpp:25]   --->   Operation 66 'icmp' 'icmp_ln25_2' <Predicate = (!icmp_ln17)> <Delay = 2.47> <Core = "Cmp">   --->   Core 25 'Cmp' <Latency = 0> <II = 1> <Delay = 2.47> <FuncUnit> <Opcode : 'icmp'> <InPorts = 2> <OutPorts = 1>
ST_2 : Operation 67 [1/1] (2.47ns)   --->   "%icmp_ln25_5 = icmp slt i32 %zext_ln17_2, %add_ln25" [incrust_bar/incrust.cpp:25]   --->   Operation 67 'icmp' 'icmp_ln25_5' <Predicate = (!icmp_ln17)> <Delay = 2.47> <Core = "Cmp">   --->   Core 25 'Cmp' <Latency = 0> <II = 1> <Delay = 2.47> <FuncUnit> <Opcode : 'icmp'> <InPorts = 2> <OutPorts = 1>
ST_2 : Operation 68 [1/1] (0.00ns) (grouped into LUT with out node xor_ln25)   --->   "%xor_ln25_1 = xor i1 %icmp_ln25_5, true" [incrust_bar/incrust.cpp:25]   --->   Operation 68 'xor' 'xor_ln25_1' <Predicate = (!icmp_ln17)> <Delay = 0.00> <Core = "LogicGate">   --->   Core 27 'LogicGate' <Latency = 0> <II = 1> <Delay = 0.97> <FuncUnit> <Opcode : 'and' 'or' 'xor'> <InPorts = 2> <OutPorts = 1>
ST_2 : Operation 69 [1/1] (0.00ns) (grouped into LUT with out node xor_ln25)   --->   "%or_ln25 = or i1 %icmp_ln25_2, %select_ln17" [incrust_bar/incrust.cpp:25]   --->   Operation 69 'or' 'or_ln25' <Predicate = (!icmp_ln17)> <Delay = 0.00> <Core = "LogicGate">   --->   Core 27 'LogicGate' <Latency = 0> <II = 1> <Delay = 0.97> <FuncUnit> <Opcode : 'and' 'or' 'xor'> <InPorts = 2> <OutPorts = 1>
ST_2 : Operation 70 [1/1] (0.00ns) (grouped into LUT with out node xor_ln25)   --->   "%or_ln25_1 = or i1 %or_ln25, %xor_ln25_1" [incrust_bar/incrust.cpp:25]   --->   Operation 70 'or' 'or_ln25_1' <Predicate = (!icmp_ln17)> <Delay = 0.00> <Core = "LogicGate">   --->   Core 27 'LogicGate' <Latency = 0> <II = 1> <Delay = 0.97> <FuncUnit> <Opcode : 'and' 'or' 'xor'> <InPorts = 2> <OutPorts = 1>
ST_2 : Operation 71 [1/1] (0.99ns) (out node of the LUT)   --->   "%xor_ln25 = xor i1 %or_ln25_1, true" [incrust_bar/incrust.cpp:25]   --->   Operation 71 'xor' 'xor_ln25' <Predicate = (!icmp_ln17)> <Delay = 0.99> <Core = "LogicGate">   --->   Core 27 'LogicGate' <Latency = 0> <II = 1> <Delay = 0.97> <FuncUnit> <Opcode : 'and' 'or' 'xor'> <InPorts = 2> <OutPorts = 1>
ST_2 : Operation 72 [1/1] (0.00ns) (grouped into LUT with out node tmp_data_V)   --->   "%and_ln25 = and i1 %select_ln17_1, %xor_ln25" [incrust_bar/incrust.cpp:25]   --->   Operation 72 'and' 'and_ln25' <Predicate = (!icmp_ln17)> <Delay = 0.00> <Core = "LogicGate">   --->   Core 27 'LogicGate' <Latency = 0> <II = 1> <Delay = 0.97> <FuncUnit> <Opcode : 'and' 'or' 'xor'> <InPorts = 2> <OutPorts = 1>
ST_2 : Operation 73 [1/1] (0.99ns) (out node of the LUT)   --->   "%tmp_data_V = select i1 %and_ln25, i24 -8325942, i24 %tmp_data_V_1" [incrust_bar/incrust.cpp:25]   --->   Operation 73 'select' 'tmp_data_V' <Predicate = (!icmp_ln17)> <Delay = 0.99> <Core = "Sel">   --->   Core 26 'Sel' <Latency = 0> <II = 1> <Delay = 0.73> <FuncUnit> <Opcode : 'select'> <InPorts = 3> <OutPorts = 1>
ST_2 : Operation 74 [1/1] (2.52ns)   --->   "%add_ln20 = add i31 %j_0, 1" [incrust_bar/incrust.cpp:20]   --->   Operation 74 'add' 'add_ln20' <Predicate = (!icmp_ln17)> <Delay = 2.52> <Core = "AddSub">   --->   Core 14 'AddSub' <Latency = 0> <II = 1> <Delay = 2.55> <FuncUnit> <Opcode : 'add' 'sub'> <InPorts = 2> <OutPorts = 1>
ST_2 : Operation 75 [1/1] (0.73ns)   --->   "%j = select i1 %icmp_ln20, i31 %add_ln20, i31 1" [incrust_bar/incrust.cpp:20]   --->   Operation 75 'select' 'j' <Predicate = (!icmp_ln17)> <Delay = 0.73> <Core = "Sel">   --->   Core 26 'Sel' <Latency = 0> <II = 1> <Delay = 0.73> <FuncUnit> <Opcode : 'select'> <InPorts = 3> <OutPorts = 1>

State 3 <SV = 2> <Delay = 0.00>
ST_3 : Operation 76 [2/2] (0.00ns)   --->   "call void @_ssdm_op_Write.axis.volatile.i24P.i3P.i3P.i1P.i1P.i1P.i1P(i24* %m_axis_video_V_data_V, i3* %m_axis_video_V_keep_V, i3* %m_axis_video_V_strb_V, i1* %m_axis_video_V_user_V, i1* %m_axis_video_V_last_V, i1* %m_axis_video_V_id_V, i1* %m_axis_video_V_dest_V, i24 %tmp_data_V, i3 %tmp_keep_V, i3 %tmp_strb_V, i1 %tmp_user_V, i1 %tmp_last_V, i1 %tmp_id_V, i1 %tmp_dest_V)" [incrust_bar/incrust.cpp:29]   --->   Operation 76 'write' <Predicate = (!icmp_ln17)> <Delay = 0.00> <Core = "AXI4Stream">   --->   Core 5 'AXI4Stream' <Latency = 0> <II = 1> <Delay = 1.00> <Adapter> <Opcode : >

State 4 <SV = 3> <Delay = 0.00>
ST_4 : Operation 77 [1/1] (0.00ns)   --->   "call void (...)* @_ssdm_op_SpecPipeline(i32 -1, i32 1, i32 1, i32 0, [1 x i8]* @p_str2) nounwind" [incrust_bar/incrust.cpp:19]   --->   Operation 77 'specpipeline' <Predicate = (!icmp_ln17)> <Delay = 0.00>
ST_4 : Operation 78 [1/1] (0.00ns)   --->   "call void (...)* @_ssdm_op_SpecPipeline(i32 -1, i32 1, i32 1, i32 0, [1 x i8]* @p_str2) nounwind" [incrust_bar/incrust.cpp:19]   --->   Operation 78 'specpipeline' <Predicate = (!icmp_ln17)> <Delay = 0.00>
ST_4 : Operation 79 [1/2] (0.00ns)   --->   "call void @_ssdm_op_Write.axis.volatile.i24P.i3P.i3P.i1P.i1P.i1P.i1P(i24* %m_axis_video_V_data_V, i3* %m_axis_video_V_keep_V, i3* %m_axis_video_V_strb_V, i1* %m_axis_video_V_user_V, i1* %m_axis_video_V_last_V, i1* %m_axis_video_V_id_V, i1* %m_axis_video_V_dest_V, i24 %tmp_data_V, i3 %tmp_keep_V, i3 %tmp_strb_V, i1 %tmp_user_V, i1 %tmp_last_V, i1 %tmp_id_V, i1 %tmp_dest_V)" [incrust_bar/incrust.cpp:29]   --->   Operation 79 'write' <Predicate = (!icmp_ln17)> <Delay = 0.00> <Core = "AXI4Stream">   --->   Core 5 'AXI4Stream' <Latency = 0> <II = 1> <Delay = 1.00> <Adapter> <Opcode : >
ST_4 : Operation 80 [1/1] (0.00ns)   --->   "br label %1" [incrust_bar/incrust.cpp:20]   --->   Operation 80 'br' <Predicate = (!icmp_ln17)> <Delay = 0.00>

State 5 <SV = 2> <Delay = 0.00>
ST_5 : Operation 81 [1/1] (0.00ns)   --->   "ret void" [incrust_bar/incrust.cpp:36]   --->   Operation 81 'ret' <Predicate = true> <Delay = 0.00>


============================================================
+ Verbose Summary: Timing violations
============================================================
Target clock period: 10ns, clock uncertainty: 1.25ns.

 <State 1>: 8.51ns
The critical path consists of the following:
	wire read on port 'vsize_in' [40]  (0 ns)
	'mul' operation ('bound') [48]  (8.51 ns)

 <State 2>: 7.67ns
The critical path consists of the following:
	'phi' operation ('j') with incoming values : ('j', incrust_bar/incrust.cpp:20) [53]  (0 ns)
	'icmp' operation ('icmp_ln20', incrust_bar/incrust.cpp:20) [59]  (2.47 ns)
	'select' operation ('select_ln17_2', incrust_bar/incrust.cpp:17) [72]  (0.733 ns)
	'icmp' operation ('icmp_ln25_5', incrust_bar/incrust.cpp:25) [84]  (2.47 ns)
	'xor' operation ('xor_ln25_1', incrust_bar/incrust.cpp:25) [85]  (0 ns)
	'or' operation ('or_ln25_1', incrust_bar/incrust.cpp:25) [87]  (0 ns)
	'xor' operation ('xor_ln25', incrust_bar/incrust.cpp:25) [88]  (0.993 ns)
	'and' operation ('and_ln25', incrust_bar/incrust.cpp:25) [89]  (0 ns)
	'select' operation ('tmp.data.V', incrust_bar/incrust.cpp:25) [90]  (0.993 ns)

 <State 3>: 0ns
The critical path consists of the following:

 <State 4>: 0ns
The critical path consists of the following:

 <State 5>: 0ns
The critical path consists of the following:


============================================================
+ Verbose Summary: Binding
============================================================
N/A
* FSMD analyzer results:
  - Output states:
 - Input state : 
  - Chain level:
	State 1
	State 2
	State 3
	State 4
	State 5


============================================================
+ Verbose Summary: Datapath Resource usage 
============================================================
N/A
